<?xml version="1.0" encoding="UTF-8"?>
<robot generator="Robot 5.0.1 (Python 3.8.2 on win32)" generated="20231212 23:42:34.204" rpa="false" schemaversion="3">
<suite id="s1" name="Appium Calculator TWI" source="C:\Users\Abdulrahman\PycharmProjects\Appium_Calculator_TWI">
<suite id="s1-s1" name="Tests" source="C:\Users\Abdulrahman\PycharmProjects\Appium_Calculator_TWI\Tests">
<suite id="s1-s1-s1" name="Calculator" source="C:\Users\Abdulrahman\PycharmProjects\Appium_Calculator_TWI\Tests\Calculator.robot">
<test id="s1-s1-s1-t1" name="Test History Functionality" line="49">
<kw name="Open Calculator App">
<kw name="Open Application" library="AppiumLibrary">
<arg>http://localhost:4723/wd/hub</arg>
<arg>platformName=Android</arg>
<arg>deviceName=emulator-5554</arg>
<arg>appPackage=com.calculator</arg>
<arg>appActivity=com.calculator.MainActivity</arg>
<arg>automationName=Uiautomator2</arg>
<doc>Opens a new application to given Appium server.
Capabilities of appium server, Android and iOS,
Please check https://github.com/appium/appium/blob/master/docs/en/writing-running-appium/server-args.md
| *Option*            | *Man.* | *Description*     |
| remote_url          | Yes    | Appium server url |
| alias               | no     | alias             |
| strict_ssl          | No     | allows you to send commands to an invalid certificate host like a self-signed one. |</doc>
<status status="PASS" starttime="20231212 23:42:34.703" endtime="20231212 23:43:21.216"/>
</kw>
<kw name="Wait Until Page Contains Element" library="AppiumLibrary">
<arg>${Username_TextBox}</arg>
<doc>Waits until element specified with `locator` appears on current page.</doc>
<msg timestamp="20231212 23:43:23.605" level="INFO">xpath criteria: //android.widget.EditText[@resource-id='username']</msg>
<status status="PASS" starttime="20231212 23:43:21.216" endtime="20231212 23:43:23.605"/>
</kw>
<status status="PASS" starttime="20231212 23:42:34.702" endtime="20231212 23:43:23.605"/>
</kw>
<kw name="Input Text" library="AppiumLibrary">
<arg>${Username_TextBox}</arg>
<arg>admin</arg>
<doc>Types the given `text` into text field identified by `locator`.</doc>
<msg timestamp="20231212 23:43:23.610" level="INFO">Typing text 'admin' into text field '//android.widget.EditText[@resource-id='username']'</msg>
<msg timestamp="20231212 23:43:23.906" level="INFO">xpath criteria: //android.widget.EditText[@resource-id='username']</msg>
<status status="PASS" starttime="20231212 23:43:23.606" endtime="20231212 23:43:23.907"/>
</kw>
<kw name="Input Text" library="AppiumLibrary">
<arg>${Password_TextBox}</arg>
<arg>1234</arg>
<doc>Types the given `text` into text field identified by `locator`.</doc>
<msg timestamp="20231212 23:43:23.913" level="INFO">Typing text '1234' into text field '//android.widget.EditText[@resource-id='password']'</msg>
<msg timestamp="20231212 23:43:24.717" level="INFO">xpath criteria: //android.widget.EditText[@resource-id='password']</msg>
<status status="PASS" starttime="20231212 23:43:23.908" endtime="20231212 23:43:24.718"/>
</kw>
<kw name="Click Element" library="AppiumLibrary">
<arg>${Login_Button}</arg>
<doc>Click element identified by `locator`.</doc>
<msg timestamp="20231212 23:43:24.730" level="INFO">Clicking element '//android.widget.Button[@resource-id='login']'.</msg>
<msg timestamp="20231212 23:43:25.457" level="INFO">xpath criteria: //android.widget.Button[@resource-id='login']</msg>
<status status="PASS" starttime="20231212 23:43:24.725" endtime="20231212 23:43:25.457"/>
</kw>
<kw name="Wait Until Page Contains Element" library="AppiumLibrary">
<arg>${Calculator_Page}</arg>
<doc>Waits until element specified with `locator` appears on current page.</doc>
<msg timestamp="20231212 23:43:27.424" level="INFO">xpath criteria: //android.view.ViewGroup[@resource-id='calcContainerView']
xpath criteria: //android.view.ViewGroup[@resource-id='calcContainerView']
xpath criteria: //android.view.ViewGroup[@resource-id='calcContainerView']</msg>
<status status="PASS" starttime="20231212 23:43:25.458" endtime="20231212 23:43:27.424"/>
</kw>
<kw name="Calculate Operation">
<arg>3</arg>
<arg>${Add_Operator}</arg>
<arg>3</arg>
<arg>6</arg>
<kw name="Set Variable" library="BuiltIn">
<var>${first_number_locator}</var>
<arg>//android.view.ViewGroup[@resource-id='no. ${first_operand}']</arg>
<doc>Returns the given values which can then be assigned to a variables.</doc>
<msg timestamp="20231212 23:43:27.428" level="INFO">${first_number_locator} = //android.view.ViewGroup[@resource-id='no. 3']</msg>
<status status="PASS" starttime="20231212 23:43:27.427" endtime="20231212 23:43:27.428"/>
</kw>
<kw name="Set Variable" library="BuiltIn">
<var>${second_number_locator}</var>
<arg>//android.view.ViewGroup[@resource-id='no. ${second_operand}']</arg>
<doc>Returns the given values which can then be assigned to a variables.</doc>
<msg timestamp="20231212 23:43:27.429" level="INFO">${second_number_locator} = //android.view.ViewGroup[@resource-id='no. 3']</msg>
<status status="PASS" starttime="20231212 23:43:27.428" endtime="20231212 23:43:27.429"/>
</kw>
<kw name="Click Element" library="AppiumLibrary">
<arg>${first_number_locator}</arg>
<doc>Click element identified by `locator`.</doc>
<msg timestamp="20231212 23:43:27.435" level="INFO">Clicking element '//android.view.ViewGroup[@resource-id='no. 3']'.</msg>
<msg timestamp="20231212 23:43:27.842" level="INFO">xpath criteria: //android.view.ViewGroup[@resource-id='no. 3']</msg>
<status status="PASS" starttime="20231212 23:43:27.429" endtime="20231212 23:43:27.842"/>
</kw>
<kw name="Click Element" library="AppiumLibrary">
<arg>${operator}</arg>
<doc>Click element identified by `locator`.</doc>
<msg timestamp="20231212 23:43:27.848" level="INFO">Clicking element '//android.view.ViewGroup[@resource-id='plusButton']'.</msg>
<msg timestamp="20231212 23:43:28.554" level="INFO">xpath criteria: //android.view.ViewGroup[@resource-id='plusButton']</msg>
<status status="PASS" starttime="20231212 23:43:27.842" endtime="20231212 23:43:28.554"/>
</kw>
<kw name="Click Element" library="AppiumLibrary">
<arg>${second_number_locator}</arg>
<doc>Click element identified by `locator`.</doc>
<msg timestamp="20231212 23:43:28.560" level="INFO">Clicking element '//android.view.ViewGroup[@resource-id='no. 3']'.</msg>
<msg timestamp="20231212 23:43:29.253" level="INFO">xpath criteria: //android.view.ViewGroup[@resource-id='no. 3']</msg>
<status status="PASS" starttime="20231212 23:43:28.555" endtime="20231212 23:43:29.253"/>
</kw>
<kw name="Click Element" library="AppiumLibrary">
<arg>${Equal_Operator}</arg>
<doc>Click element identified by `locator`.</doc>
<msg timestamp="20231212 23:43:29.259" level="INFO">Clicking element '//android.view.ViewGroup[@resource-id='equalButton']'.</msg>
<msg timestamp="20231212 23:43:29.885" level="INFO">xpath criteria: //android.view.ViewGroup[@resource-id='equalButton']</msg>
<status status="PASS" starttime="20231212 23:43:29.253" endtime="20231212 23:43:29.885"/>
</kw>
<kw name="Element Should Contain Text" library="AppiumLibrary">
<arg>${Result}</arg>
<arg>${expected_result}</arg>
<doc>Verifies element identified by ``locator`` contains text ``expected``.</doc>
<msg timestamp="20231212 23:43:29.891" level="INFO">Verifying element '//android.widget.TextView[@resource-id='result']' contains text '6'.</msg>
<msg timestamp="20231212 23:43:30.575" level="INFO">xpath criteria: //android.widget.TextView[@resource-id='result']</msg>
<status status="PASS" starttime="20231212 23:43:29.885" endtime="20231212 23:43:30.575"/>
</kw>
<status status="PASS" starttime="20231212 23:43:27.426" endtime="20231212 23:43:30.575"/>
</kw>
<kw name="Click Element" library="AppiumLibrary">
<arg>${Histor_Button}</arg>
<doc>Click element identified by `locator`.</doc>
<msg timestamp="20231212 23:43:30.584" level="INFO">Clicking element '//android.widget.Button[@resource-id='history']'.</msg>
<msg timestamp="20231212 23:43:31.058" level="INFO">xpath criteria: //android.widget.Button[@resource-id='history']</msg>
<status status="PASS" starttime="20231212 23:43:30.578" endtime="20231212 23:43:31.058"/>
</kw>
<kw name="Wait Until Page Contains Element" library="AppiumLibrary">
<arg>${Add_Operation_History}</arg>
<doc>Waits until element specified with `locator` appears on current page.</doc>
<msg timestamp="20231212 23:43:32.252" level="INFO">xpath criteria: //android.widget.TextView[@resource-id='eq2']
xpath criteria: //android.widget.TextView[@resource-id='eq2']</msg>
<status status="PASS" starttime="20231212 23:43:31.061" endtime="20231212 23:43:32.252"/>
</kw>
<kw name="Element Should Contain Text" library="AppiumLibrary">
<arg>${Add_Operation_History}</arg>
<arg>3+3=6</arg>
<doc>Verifies element identified by ``locator`` contains text ``expected``.</doc>
<msg timestamp="20231212 23:43:32.258" level="INFO">Verifying element '//android.widget.TextView[@resource-id='eq2']' contains text '3+3=6'.</msg>
<msg timestamp="20231212 23:43:32.445" level="INFO">xpath criteria: //android.widget.TextView[@resource-id='eq2']</msg>
<status status="PASS" starttime="20231212 23:43:32.252" endtime="20231212 23:43:32.445"/>
</kw>
<kw name="Click Element" library="AppiumLibrary">
<arg>${Delete_History_Button}</arg>
<doc>Click element identified by `locator`.</doc>
<msg timestamp="20231212 23:43:32.451" level="INFO">Clicking element '//android.widget.Button[@resource-id='delete']'.</msg>
<msg timestamp="20231212 23:43:32.637" level="INFO">xpath criteria: //android.widget.Button[@resource-id='delete']</msg>
<status status="PASS" starttime="20231212 23:43:32.446" endtime="20231212 23:43:32.637"/>
</kw>
<kw name="Page Should Not Contain Element" library="AppiumLibrary">
<arg>${Add_Operation_History}</arg>
<doc>Verifies that current page not contains `locator` element.</doc>
<msg timestamp="20231212 23:43:33.680" level="INFO">&lt;?xml version='1.0' encoding='UTF-8' standalone='yes' ?&gt;
&lt;hierarchy index="0" class="hierarchy" rotation="0" width="1080" height="1977"&gt;
  &lt;android.widget.FrameLayout index="0" package="com.calculator" class="android.widget.FrameLayout" text="" checkable="false" checked="false" clickable="false" enabled="true" focusable="false" focused="false" long-clickable="false" password="false" scrollable="false" selected="false" bounds="[0,0][1080,1977]" displayed="true"&gt;
    &lt;android.widget.LinearLayout index="0" package="com.calculator" class="android.widget.LinearLayout" text="" checkable="false" checked="false" clickable="false" enabled="true" focusable="false" focused="false" long-clickable="false" password="false" scrollable="false" selected="false" bounds="[0,0][1080,1977]" displayed="true"&gt;
      &lt;android.widget.FrameLayout index="0" package="com.calculator" class="android.widget.FrameLayout" text="" checkable="false" checked="false" clickable="false" enabled="true" focusable="false" focused="false" long-clickable="false" password="false" scrollable="false" selected="false" bounds="[0,171][1080,1977]" displayed="true"&gt;
        &lt;android.widget.LinearLayout index="0" package="com.calculator" class="android.widget.LinearLayout" text="" resource-id="com.calculator:id/action_bar_root" checkable="false" checked="false" clickable="false" enabled="true" focusable="false" focused="false" long-clickable="false" password="false" scrollable="false" selected="false" bounds="[0,171][1080,1977]" displayed="true"&gt;
          &lt;android.widget.FrameLayout index="0" package="com.calculator" class="android.widget.FrameLayout" text="" resource-id="android:id/content" checkable="false" checked="false" clickable="false" enabled="true" focusable="false" focused="false" long-clickable="false" password="false" scrollable="false" selected="false" bounds="[0,171][1080,1977]" displayed="true"&gt;
            &lt;android.widget.FrameLayout index="0" package="com.calculator" class="android.widget.FrameLayout" text="" checkable="false" checked="false" clickable="false" enabled="true" focusable="false" focused="false" long-clickable="false" password="false" scrollable="false" selected="false" bounds="[0,171][1080,1977]" displayed="true"&gt;
              &lt;android.view.ViewGroup index="0" package="com.calculator" class="android.view.ViewGroup" text="" checkable="false" checked="false" clickable="false" enabled="true" focusable="false" focused="false" long-clickable="false" password="false" scrollable="false" selected="false" bounds="[0,171][1080,1977]" displayed="true"&gt;
                &lt;android.view.ViewGroup index="0" package="com.calculator" class="android.view.ViewGroup" text="" checkable="false" checked="false" clickable="false" enabled="true" focusable="false" focused="false" long-clickable="false" password="false" scrollable="false" selected="false" bounds="[0,171][1080,1977]" displayed="true"&gt;
                  &lt;android.view.ViewGroup index="0" package="com.calculator" class="android.view.ViewGroup" text="" checkable="false" checked="false" clickable="false" enabled="true" focusable="false" focused="false" long-clickable="false" password="false" scrollable="false" selected="false" bounds="[0,171][1080,1977]" displayed="true"&gt;
                    &lt;android.view.ViewGroup index="0" package="com.calculator" class="android.view.ViewGroup" text="" checkable="false" checked="false" clickable="false" enabled="true" focusable="false" focused="false" long-clickable="false" password="false" scrollable="false" selected="false" bounds="[0,171][1080,1977]" displayed="true"&gt;
                      &lt;android.view.ViewGroup index="0" package="com.calculator" class="android.view.ViewGroup" text="" checkable="false" checked="false" clickable="false" enabled="true" focusable="false" focused="false" long-clickable="false" password="false" scrollable="false" selected="false" bounds="[0,171][1080,1977]" displayed="true"&gt;
                        &lt;android.widget.LinearLayout index="0" package="com.calculator" class="android.widget.LinearLayout" text="" checkable="false" checked="false" clickable="false" enabled="true" focusable="false" focused="false" long-clickable="false" password="false" scrollable="false" selected="false" bounds="[0,171][1080,325]" displayed="true"&gt;
                          &lt;android.view.ViewGroup index="0" package="com.calculator" class="android.view.ViewGroup" text="" checkable="false" checked="false" clickable="false" enabled="true" focusable="false" focused="false" long-clickable="false" password="false" scrollable="false" selected="false" bounds="[0,171][1080,325]" displayed="true"&gt;
                            &lt;android.widget.ImageButton index="0" package="com.calculator" class="android.widget.ImageButton" text="" content-desc="Navigate up" checkable="false" checked="false" clickable="true" enabled="true" focusable="true" focused="false" long-clickable="false" password="false" scrollable="false" selected="false" bounds="[0,171][154,325]" displayed="true" /&gt;
                            &lt;android.widget.TextView index="1" package="com.calculator" class="android.widget.TextView" text="History" checkable="false" checked="false" clickable="false" enabled="true" focusable="false" focused="false" long-clickable="false" password="false" scrollable="false" selected="false" bounds="[198,211][373,285]" displayed="true" /&gt;
                            &lt;android.view.ViewGroup index="2" package="com.calculator" class="android.view.ViewGroup" text="" checkable="false" checked="false" clickable="false" enabled="true" focusable="false" focused="false" long-clickable="false" password="false" scrollable="false" selected="false" bounds="[789,186][1036,310]" displayed="true"&gt;
                              &lt;android.widget.ImageView index="0" package="com.calculator" class="android.widget.ImageView" text="" checkable="false" checked="false" clickable="false" enabled="true" focusable="false" focused="false" long-clickable="false" password="false" scrollable="false" selected="false" bounds="[789,186][1036,310]" displayed="true" /&gt;
                            &lt;/android.view.ViewGroup&gt;
                          &lt;/android.view.ViewGroup&gt;
                        &lt;/android.widget.LinearLayout&gt;
                        &lt;android.view.ViewGroup index="1" package="com.calculator" class="android.view.ViewGroup" text="" checkable="false" checked="false" clickable="false" enabled="true" focusable="false" focused="false" long-clickable="false" password="false" scrollable="false" selected="false" bounds="[0,325][1080,1977]" displayed="true"&gt;
                          &lt;android.view.ViewGroup index="0" package="com.calculator" class="android.view.ViewGroup" text="" checkable="false" checked="false" clickable="false" enabled="true" focusable="false" focused="false" long-clickable="false" password="false" scrollable="false" selected="false" bounds="[0,325][1080,1977]" displayed="true"&gt;
                            &lt;android.view.ViewGroup index="0" package="com.calculator" class="android.view.ViewGroup" text="" checkable="false" checked="false" clickable="false" enabled="true" focusable="false" focused="false" long-clickable="false" password="false" scrollable="false" selected="false" bounds="[0,325][1080,1977]" displayed="true"&gt;
                              &lt;android.view.ViewGroup index="0" package="com.calculator" class="android.view.ViewGroup" text="" resource-id="historyView1" checkable="false" checked="false" clickable="false" enabled="true" focusable="false" focused="false" long-clickable="false" password="false" scrollable="false" selected="false" bounds="[0,325][1080,1977]" displayed="true"&gt;
                                &lt;android.view.ViewGroup index="0" package="com.calculator" class="android.view.ViewGroup" text="" resource-id="historyView2" checkable="false" checked="false" clickable="false" enabled="true" focusable="false" focused="false" long-clickable="false" password="false" scrollable="false" selected="false" bounds="[22,347][1058,1977]" displayed="true"&gt;
                                  &lt;android.widget.ScrollView index="0" package="com.calculator" class="android.widget.ScrollView" text="" resource-id="FlatList" checkable="false" checked="false" clickable="false" enabled="true" focusable="true" focused="false" long-clickable="false" password="false" scrollable="true" selected="false" bounds="[22,347][1058,1977]" displayed="true"&gt;
                                    &lt;android.view.ViewGroup index="0" package="com.calculator" class="android.view.ViewGroup" text="" checkable="false" checked="false" clickable="false" enabled="true" focusable="false" focused="false" long-clickable="false" password="false" scrollable="false" selected="false" bounds="[22,347][1058,527]" displayed="true"&gt;
                                      &lt;android.view.ViewGroup index="0" package="com.calculator" class="android.view.ViewGroup" text="" checkable="false" checked="false" clickable="false" enabled="true" focusable="false" focused="false" long-clickable="false" password="false" scrollable="false" selected="false" bounds="[22,347][1058,527]" displayed="true"&gt;
                                        &lt;android.view.ViewGroup index="0" package="com.calculator" class="android.view.ViewGroup" text="" resource-id="flatView" checkable="false" checked="false" clickable="false" enabled="true" focusable="false" focused="false" long-clickable="false" password="false" scrollable="false" selected="false" bounds="[36,361][1044,513]" displayed="true"&gt;
                                          &lt;android.view.ViewGroup index="0" package="com.calculator" class="android.view.ViewGroup" text="" resource-id="flatView2" checkable="false" checked="false" clickable="false" enabled="true" focusable="false" focused="false" long-clickable="false" password="false" scrollable="false" selected="false" bounds="[64,389][1018,486]" displayed="true"&gt;
                                            &lt;android.widget.CheckBox index="0" package="com.calculator" class="android.widget.CheckBox" text="" resource-id="checkBox2" checkable="true" checked="false" clickable="true" enabled="true" focusable="true" focused="false" long-clickable="false" password="false" scrollable="false" selected="false" bounds="[64,389][152,477]" displayed="true" /&gt;
                                            &lt;android.widget.Button index="1" package="com.calculator" class="android.widget.Button" text="" resource-id="button2" checkable="false" checked="false" clickable="true" enabled="true" focusable="true" focused="false" long-clickable="false" password="false" scrollable="false" selected="false" bounds="[358,389][526,486]" displayed="true"&gt;
                                              &lt;android.widget.TextView index="0" package="com.calculator" class="android.widget.TextView" text="SHARE" checkable="false" checked="false" clickable="false" enabled="true" focusable="false" focused="false" long-clickable="false" password="false" scrollable="false" selected="false" bounds="[380,411][504,464]" displayed="true" /&gt;
                                            &lt;/android.widget.Button&gt;
                                            &lt;android.widget.TextView index="2" package="com.calculator" class="android.widget.TextView" text="3+3=6" resource-id="eq2" checkable="false" checked="false" clickable="false" enabled="true" focusable="false" focused="false" long-clickable="false" password="false" scrollable="false" selected="false" bounds="[731,389][1017,486]" displayed="true" /&gt;
                                          &lt;/android.view.ViewGroup&gt;
                                        &lt;/android.view.ViewGroup&gt;
                                      &lt;/android.view.ViewGroup&gt;
                                    &lt;/android.view.ViewGroup&gt;
                                  &lt;/android.widget.ScrollView&gt;
                                &lt;/android.view.ViewGroup&gt;
                                &lt;android.widget.Button index="1" package="com.calculator" class="android.widget.Button" text="" resource-id="delete" checkable="false" checked="false" clickable="true" enabled="true" focusable="true" focused="false" long-clickable="false" password="false" scrollable="false" selected="false" bounds="[22,2029][1058,2126]" displayed="true"&gt;
                                  &lt;android.widget.TextView index="0" package="com.calculator" class="android.widget.TextView" text="DELETE" checkable="false" checked="false" clickable="false" enabled="true" focusable="false" focused="false" long-clickable="false" password="false" scrollable="false" selected="false" bounds="[44,2051][1036,2104]" displayed="true" /&gt;
                                &lt;/android.widget.Button&gt;
                              &lt;/android.view.ViewGroup&gt;
                            &lt;/android.view.ViewGroup&gt;
                          &lt;/android.view.ViewGroup&gt;
                        &lt;/android.view.ViewGroup&gt;
                      &lt;/android.view.ViewGroup&gt;
                    &lt;/android.view.ViewGroup&gt;
                  &lt;/android.view.ViewGroup&gt;
                &lt;/android.view.ViewGroup&gt;
              &lt;/android.view.ViewGroup&gt;
            &lt;/android.widget.FrameLayout&gt;
          &lt;/android.widget.FrameLayout&gt;
        &lt;/android.widget.LinearLayout&gt;
      &lt;/android.widget.FrameLayout&gt;
    &lt;/android.widget.LinearLayout&gt;
    &lt;android.view.View index="1" package="com.calculator" class="android.view.View" text="" resource-id="android:id/statusBarBackground" checkable="false" checked="false" clickable="false" enabled="true" focusable="false" focused="false" long-clickable="false" password="false" scrollable="false" selected="false" bounds="[0,0][1080,171]" displayed="true" /&gt;
  &lt;/android.widget.FrameLayout&gt;
&lt;/hierarchy&gt;</msg>
<kw name="Capture Page Screenshot" library="AppiumLibrary">
<doc>Takes a screenshot of the current page and embeds it into the log.</doc>
<msg timestamp="20231212 23:43:36.219" level="INFO" html="true">&lt;/td&gt;&lt;/tr&gt;&lt;tr&gt;&lt;td colspan="3"&gt;&lt;img src="data:image/png;base64, iVBORw0KGgoAAAANSUhEUgAABDgAAAjoCAYAAAA5jhrUAAAABHNCSVQICAgIfAhkiAAAIABJREFU
eJzkfW2splV19j5nBgYoDMqHMIhhNECwqKgUqyC1JmojopjUxKRNk9aa+KcxTRN+9Y9NmvRva5om
JpXBtlJbbW0ALRXSJsWg1WJMUaDaAVoq3wod5GMcZs77o+897z7rrHWt61p7P2emfVdCznnue++1
1l57fVxrncOZteuvv36jBbS2ttZaa21jw1+SvY/22PX9M++9SoiHwp/Rq6Iv4tUT4pvJXd7bryy/
7J7YNVXdW8N+N+ojllfVByP7zvZplg973yMyGB6tbb2/2br9T7JrJqdytmouQ59ny62sP5bE2Kk1
reZZPpYHUxMXmmnHau3ydIny6LKuajekZ5ZnFF4sb4XPjDgZxRcorhlMU8E9I3kJvWMxzcy8eDzQ
aM1ZiIlXNja2q+4ya5FfrCp3bicpZ1+VnOOBRvPjiH9vh21WnYtW0TetgrciN1uzbpvqnjY2NtyL
tu/7Z4gfkjMCgDx+HvXJQOWjApX+q30ePVvs6dkd6Ybe918jvRh+3pq+iCz/McQMWmyBWlWhsnaq
7EfNi8e7EiO972Yx68n0+KH9yh6Ph8cHAe1MjrfPazxn8EU04ntZk6b6OOLn8e+fRbb0gKEnN/MF
exa0nrmnytoKoTj2Plf42vjIwDhbE6o6qXs8XbzYjs6ZEVtLUJ5Be3o5DO8Z9ZI9jyqH0U0d0o3i
HuXc7F31n7OGrorxMn0WUnPODHxckbXsjeKV5e3xrFCP5SKf9Nb2MnusGemFcqcnZ/R+0D4FF0fE
xAjqeWbh8gpPhhe7NsthLDbOaBU5oCJ3Rt+A+PV8bbypeRvxRp9VYuvhcqZ1z0EiR4mKSgbWGAUr
hVw1ltfsV/khkJA1vVUAgfRg3inNb6Xp8wopY1OUxCKdq4HD3LsKKHp/YhtEVkcPDFgZii8jv0WF
pxIvCHyjZj4qZOhMKC9FZ7Yx6uW9rBnwdGHfeffK3IHiW1mzE+mXrcnskd0pE/NM85b5cfZcrVOM
zGrsqw3xTJohD+nv+aGHN5b7n1kjPZkLX+bcVaDp+biaHzKZmS+i5lZt7FTQG8li5aF1av5RaHbs
zfLlmb7K5NZlnYpXvPcWy7ENkrfODi0U/bxaMzrQy2xkMUamo8e/Gj/L+RS5ER/Lk+WHaoEaxx7+
6J8perHk3S+T11bR3Ks4PMKMXo3oe5lZNXdm7VZkLv+tRy+yguw1YZbXiJIMvxEZLD9lf5RIZxc1
phFZ3qlAImswPB1QQDBnX/SM7jxrDJEcjyfjWxGfaC+rj8fDkh2YZL7E3NfyHvmE12x7elSbXKQX
w6PaAPZnyWJHuceeUOG1vJD9mOYeDQs8nazMaqFVCx/yMzYvsDzRPsbeCn+7zubMkbqEdK2Cm6o8
liJfjcBe31h4zcooGI/2WFnLM5XYPJT5G/Ihbx97/+yZRnKrajerv1KvFZrRYGT1NNPd1hqmLo/o
lcUZ4pXpwaxj8EnFv0YbQqSTtY1SQ+1+VI8jLKf2Nyr2QrwsruufsxTlougclZzO+iOTS6rn7Pdm
fe5o7lJ0YeVU+pMRW1lSbRLhWaWm9fvXo4VeAKBEVgWs2dqqMy6kgLzq+xHZCs9KcpsR2N5+m7gj
GWxii5oerylXCpOaECLKADjSo+IHUVJFINEbUPT7bLKz79k78WzAgq5IV48QT7VJ8Zob7z2Sj/Qb
9TPW9p4MLx4s2GDslclD7ytFyTYC3h67ZrQhraxFZ4sKuG1u2HqW5VzvmQI21TUj5NWITGbW6KN9
kQ7Zmgox/qjctff9Yr/ZtSwjlB+Uxh3xjXhk9szqqfWzLLeMksc/+hrJzZr5bL2a5yMZUe61NOLz
KP6V5jGTkVHmG97zCPPa9UpvxGDJ6p1GhHCdwgPpzsZ1Vu9VUu9UoQyTMe97is45s04pxPjEaA/J
8GJqQCZzWbPpb3AwzsEoWKWRyU1Etih78ljAxZBqw4xHT1FjySYEBN7ZYuztQTKYJIP09wYLmY23
E7gjPZbn0bCClaUMAxSghOQweimfFV2W9wzPbMClys3kKe8VebMasSiOPcqGUN7aajPdr+3zBwsa
KvHMxps6dPD0i/awQNrTJ2o6vLhAgxamUUG+MAI4lfPbs6H4r+iTNZKzqeqziIcSs6pcttnKcswo
FkF7WMAd4QVPZqWRX/ZGtV1pdNj1o9gyskf0uZJ3sxhVG8D+nVJLozMpNoz0z/wqq5W934wOGiKq
5AarN8r7NldnfYTHP+Lp8Ri5e2b/dtUF639sL1Gtwd6dsvqN1H1GRtX3US6wvNf75KmA1J7JLODA
NIJKQ9/zzXRERa7SFFXtEd1D5BQjDcCyn01iSvOEyAZRpj8qCl4hG9GPBZDMPUfgcGZjbPXp99q7
Y5sNGwtebGSfEWU+jnRj180aGCDZ1b0ZSB9pHBRChRQ1DtEztrGpxqcSa5EsBLoV/gwItPwzGfY9
AwAyn2LtjXDAyJ1Funl5VpFRHX54d63G1SrBMMrjUT0ezcULL8X+jI3tOi9W0EDLk7fYwPMZD1cg
vqiZygC0p3ul5qBmjG18VMriG+XD3jZsA1zFDlGMM/ujvSz28vIgauJZ7IL8BJ1rBA+qe6KYRGdk
eqxMJ5QLRmrD8izTrTIEYJ4zumXyqkMPe6fqHSh1lrXfDCzB+uW6DVpFCGI8AgJQEqg29LYwLryY
Aj+SLBT92H0jw5NsP5uoGX2YQs00c6jgVhIhm4TVxkAlBG6qSQD5MTv88QBPZuesqDNrUQ5R/LIK
olVe0ToLxqO96K4rjfgIqF5yoc2vij8y52CKssLfe1dpvhT+y+feXpYQaGeaAo8Pk/+8pjiT6/Fj
1kaNAFq/yBiJyYxUX62AR5QHRrBPlueYGq7cRxY3o5jIqyNRrmT0QEB94c0MNyIdez2ZtZG+6HnG
b9m76rhgGmgvR3qxo9TcStPE7o/2KjEZ3b9SH5ZnSrOHzjXqC6qPRv2St2+JOeSzVfzGNs1WFyQ3
G6hl92btoOb76rBKyVMV3KXaOsuRqL+JPivyMz1a6/4GB5rGeM5sGXsJDjmbJ6dygIif/R45SSa/
D+BMZqYH27RlBYO1a/+5B+XecyuHdfhq8kU29XScVfAzW1uqFIdejhLEbCNieYw0LyOAfBXk+eII
aFfu137v3QfbCCgxbd8rYMqzl0fsOiSrQrZmKE0Cw9uTw/BGZ2PqAYpvxm5RzYz8HgHMSG4VJDN1
QAFYPc/jLd8gYu7W2n8kZti4r/iXx2/GXUT+gfzGfj/rbDNxApLdn41thjMc2e+tDJAy3kr9YTDX
jAY808nrI1jq8002yFN0rNAID+VOs1pnfTDyUzQgtLWP8des1kY1TPWraADH6MLir4hXZU9EFX9B
OWmxi+cv1hequIgZPEbxPUoRj/XoUP1ze4leYowOwzpbZarnfa4m2gysoiDO7IGGE0gf1pm8teg+
0TpmD0tMkmRAb2XoEpE6FLDy7XPUjI8MQCJChSBr7qKiphZ/W5BmNyzKMMN+rxQ0732Wr6Jcx7z3
7ruSu9SBG5Lvvc94e4AzazhGABC7L5LF5Nw+r6A77PNWZWAU6Y6eqXxGc2TEf6RJ8PhZQj61nUOR
/o6jHNCTcmej52BqvaIXio3Mjzxg7OUzxobKYDLiiXRUfClrKHu/yHCj/Rw1GpFsxV+yPIvk9nrZ
BjbTUXmmkpdvVf5sPfBqnFcLFF+KYmMWKXh+ec/4SU9oKNL7CZvX7buoD4juYLYdGTxeyUXWbpn8
/vMIDkD+6uVoRdYq7sHanZHB1kD3X1FhFc8A3kghsYQaD2ugkQYya6Yzh2XOvDhZVPiZxJrpHQUp
09woyT96Hz3r5THNXbUZi87q+REbUAyI6Xkg4Jf5s3LuXrcZALrnG61RCnYlXhjekQ1RQq8Quis2
0Ua+zgI3FCsqiGIajmw/U5SY4h7Jr/pzlHPYAYsC/iIgaOUjH2Fjg/Wz7J3HvxKDESBdvlaaWgTW
K4BPBapsczcaPyM5r7XcFlX81je49jna5z3LcgBT8yp3HslRfImJrVFdGZvazwhzecTiFbTGO6/H
I3qW6ZhhdAb3K4R6FisrwjlqXsr6pIyUPqBKqGeI9OhJOVtUJ+znaBiDhiGZPEZ35BsVnJTFAbKB
R2rcz8ijPd/enxnsOiIv0p09046rrrrqEwszJXlWaFYTNipf3ZM105XnFeDOBpkCzOx6L+nMIgt6
RhL3LL3Y+2AST8R7lBSgPjPGvKLhFZUogc8YgCh8or2V4hs9H9Vl5p5q7qlQde8sXTz7Z6CmMtxa
Rb5D77MhCcOfadq3k0ZiJdvr5SNGzmhjyNCiy6i9VwUalVzSn0M9E6rt1Tqh3FlWsxAPVpeRpmFW
bVaarordV12X++9nNWFIjveZfXe8EFvXqvE6yzcre6qN/Sr8Z0ZOYtcoNPOsWV5cRb9ewTfe3ozP
8u7ob3BEP1VeRdCrPwEZLYojZ5g9dY1+KsLwszzQWvQTElRc0E9me6okWO+npP267KeCkc4KeXwQ
v8gOjE/NAkHsT0z657N++oX8qH8/MvXOBmpKvrDPZ/9kbWRYUrkT5HeZD9giYJ8rMcz4P7q7SBeP
BwKl3k94POrvi60VEdBTwaLl1T+3Otr85p3J3pfln/1kjf0pY6WmenfFxsqMWLc/IYvWop+6zojT
ZR9zf/Z5RGy9V/Rj33m5PWsWkb6IF3M+BvNEa5U6xOS50ftgcY6ng7Ux25xWaw/DU60lVd0qOD7y
BY83+wNARFmMjJLFq6vibwnle4/HqFxP3owfVPXvs7qS8WN+8D0jd1sbKEMCRChnRusivdh3LB7x
5HozisgWyzr3f1HxFrINBVqDEqaaeFjnYpvh7LIqSS4LzgzMM8Su75t5Zq8CKCJZDLF3i4YwCnl8
2ODu72vW8ELdZ5sclR8LpDyZCzGxF61nQKaVrfBUGiRvDWpCM16Rndg9DLBQbG8LQt8YM2CeiQsG
gPQyM937dajpt/tGC76VO7vJjc7AgAfLUwEJCy/GPsjXrf9FuVPRC/lfBr4syO/1URsuBsx6z5kc
iuLNDmcifSq62Wez4iOyG9sU9GsrAJl975ESNzMblIWf9csq9vEanoqulcES8m+FDxryRJ8rd8HW
B1SrmVzUv+9lKrGsNK5ZT6XihGxvNQ6UOI2wuYIZo2cZNor2ZnbO+tnZg4jls4pzKz2Cqle/d1be
ZGSjmk//DQ7GGTJlKsOGiqGihKQC9oynPY96uRZUZ/ZRZEVJzAPKGai1n0eKhfocNcfVZrZCbCHv
dWB8CcmydxHd3WiMZM+Qj42CEFQ0KoDUI6bpqTRb7NnZPZH9bTPn8YmIHUB479mmmFmTNVusP9pG
IWq0lRqSNR4jxVoBCxEwVnOaAub6Nf1X9P2qSMESSDfvvFHcoSGOfR819ExeieIW8VHqfaUpqQBi
JF+pzwrWqbxXztbHv4pZWB0WnxzB0ZEPoDwZ6eN9ZiiSzfBihwdqPcowhMcr4qMMBhaq5MbIFmwO
HMnNbM+A7svLm+z6TEamL9IzwnnsmdG+So7djro5C6fZtRaTKHsZmjn8sb30Quuj07+KMoiv2rDZ
4sQG0miy8vQccWZv2GDlKbKqukQJqT8vO1jwzoPuFyUyb18loTJ6e2sUvp6dFH0YEG+fK+eYBea8
83lgkWkS0LPIj/r3TDxY2ch/Ko271Ysl1PxEurANBZOjeh9iClq1McqatIwW31Aa9mUfqg0ssERA
mtUD7bO+h+yFYlet3zOARtVfViGvX6MMBpiBwsITDYIUTJXleCZmVIDL+FUlRpXmTOXP+G1UZ1id
bO1F/oPyCaODEocVH4gAv12TnWGksVExq11na1GE/yqNp9r3MO9H1yuU1RL0nOVv/cOLLw9XRbw8
qgweEIZE+lQGHwgPRbxH7c7yUHN1JdZHepmMVhUfPd8dV1555SfYjVGDpFzGSANQoVnNnCJr+X6G
U7AN1AjArN4J0mWmzAy0q8ToN8Lb+55Zr+xj1mXJWZmMR/w9MKIOmWYRo3/0TPXlVcXUKI+Mz+w7
8XLe7HMg/UfPE8XIdvjuKnyI3b9K3qO0xNyqccV2kHLHq25aGKo03sc7jdTYCv9q7mcaRWavt4dZ
M4PU2rOKfmB2s6msZfHPbEw7m1gbVjHuDKr0WMeq71hVz7EdPGfef6UfH5Gf/g0OL3Cjr0ignYwz
tKwb/c0IxKMymc9keXyZ6bsnN/tp3qIvuoOo6UA8Iz37PSNTWdYPmEacfdfLZnS098Ly9r6P9itn
y/bOXMcUOO+szPkVAJINGJBPeUAj+mkP8mXvHOgnVmxh9OJUJc9HUc6o/qYC8y6qB8q5bI7J4j+7
h0gG0rmXPRtAZLpbHTI+KDbQfhTrap7z+DCE8gqbo7P6zsqfdc8jMW3j1NNv5IcmTK7NfhrO+q9S
MyvrFar8hL+nWU3RaAOm4q3l3fJfVH9Ha4KnS1R7svio5p4Za2fIYWut94MhREot8taqceWdI8Kv
WVO6HT+pt58ZzOqRmq/YfX0MMv0VS6M/RM9qjPfZe8fmraheI8ySyUeytww4ogTEFLNsnUq98ZSJ
T/X9kuxHnSbbV7Fx5EievoyT9Ps8G0TJjG1ao+bS+4zuV3H40WJt90dND+KFPjO6RfcS6bt8ZYYn
/Z4snns9RopCFresTbxn3n2PgFkVxFXlMOtZX7Z3pA4zVL0qoIIl63fR/TKDAbvXDk6sXC9uI1kM
KI3ywKz6iGJT9XcW0DAgjlmXycl4zLZh//2qBh3RGvYsaiPI1gO03osLxjd6DKGeL8onWROFyMZr
pYmwtmDxCsI//XvVXhmhZlStEZWYQBgy21ehVTfUMwYQyB5oALW8Z/ohu3ZZr9oE6YpyAlvnmAFB
FG8s5q76rfe95Z31Big/oOHWiO9W9vZ6V+t+Rsz+Sm2K9vbv0t/gyEgJnqrzoz3ocIxuGchhwDCj
l9VJcZrRAGCBaf99BZgw98uC6dZygGPfsc2WWnytfbz7sEAl44l0ZBNOb3sWAHuFdKQg9HpEhdmu
8wpwpIPiSx4pZ1KanFU3YKi4ou8RzWreIqo222qjXdElAysIsEQ+qeY51a8qdxzx8p6p98UOe5R7
i+qpymMWVYcuzH51rQKw2fdIljpMjO6cxRCo/jGNeNQo2K9WH3VYtOyJ9MliptcH5aX+PBUd+3UR
FmIxUsRrea7GAoPfqu8zmpEfMmyQYbCsF+n7AuRby3tk28j/ESm4C/FQ+wZ2jVprs9xVJVYP5Xyj
+ZIl5LuI1Lti37GDqhGcsuWPjFYKY6SgohRaFzVD2d6qg2fGmwG8K8C/CrD6/Z4TMcVHHTAgfSy/
qDiM3KXnMyODIqUxYIpPxAcVCWXSyoDj/qtSnCLKCjPSh42HLCkinZj13h5vf9VW1eFJFA+VgSlL
LJBd1lbXVUB3haydMrlKrmblV9ewICHbsyoQpdSoft1oPe3jgh3YruKMlaYCEQNGq/W2/5wNwY4F
KfVgWY++MvIsz/57xR6jecTm+Rn+FNUHz5/7nI8GOh5PVC+YhqTagEVr+nPM8mkGG3hymeEGWoeG
TWrNyIjFVKO9I4PHI7+t3GeWA5lcOBsPVddne2f4u5cLPd5R3Gf50+vzvTsZOd+WPzK6yuKGEmDW
QDP7KgVp1nqlGfj/hZihyChvFHjMfnZtpcFg5bCJZEQGWhuBKpUYW7DxP6OAsc9HfWlkj7J/RuOW
5alVnGFWoxn56ei9qbqxjTTLbzZV7njEhp68VdwJy4+RbXWeiRmqgCzTlfG3KCZmNDtqPapiveOJ
ItsxdbR/PrsJsfeyKuwzY98svqtq5Cw/Vc7x5rPbRZWcNqNW9nG2Cpx2PNzndmKK4y0fzKQt/4vK
yBQuIzSZR1M5uy9KQmgKigr1jN9aic7GAoRVDmWqgx/Lgy2kvU0q7xg9+ruu/KRVnRirfNj3dk30
U3qkpwKqmJ/6VX7rAem3fEYxkunAyFJyC5LpvWNsoPx0x3s/UrQz+f2akZ+mZbopP31Uf5sgmvjb
mGHzLAKz6P6Z33zydN9OIDFS0xg/tntR/LK6MI0F06xX4oCpB54PVHOs5YnOxerav4vWq74UxRbi
k9VjNc+tEkgjfJbdCbMW1b3qD03sXo8/cz+sbC+Pq/UB+Q2bHzy/GbFhlssYOdk7VpdVUWUoydqO
8bkKtlTyu4J9WR0q2JN9numnxFqlro7EX2WfJ5vBwjN61taEv8ExYmR2IqokOgsymT2MHFZX9Lx/
5zVNlSJgabSZz2R4QR8NmmzA2nOyhYIhT4cZlDVj2b5V6IJ4Ln4fJQ0V9CAdlLiM7Mg0jFVdo7iy
fhk1E8xwZdbwgQH9Cqge0SkjD/RE+dYr2iPgk9VPvavqIE0d0igNDSNbqUtZfRvJwajejt4rYzMV
0I7Wigw32DzM6mXzJBMryllU32DrWKYvwwOB+JlxY8+U5YNqbrDYrtKAs/WW9eHq/bD6RrWoOnyM
sKRnp1nNX4RlIx7ozhg5M+qeyqNS36pDCMbnIj9icqXHJ+I52h/NJEW/VeQ/xv8YfIHuKOLp+VXW
u1sszMr01tEDDhVk2b3Ms4gyGZUpXiRD0VVxVO+ibTJVLlOlESeJqB96ILuxg53KcEEBAxngyUCe
V3yrAxHUnFpf8fxike0ljUgmO0hAgC3aY/dl1J/JswWjKwJdqIEYabzVGM2GECNNl9JsqPnQ88Fs
/Qg4ZkEU2wiMvK82GNldMzwUYoBotmeGXIY3o1u1RrG+x5y9Go/eXUTP2SZt4e3pl8UQm+u99ere
jF+kW/+8WkfROybnq5TVKtUXq3ZFWLySBzLfyPy1kms9/NvL8vBE9rmaWyMc29vU2kD1qdmNdCVf
ZnHj4ZvlGfIvBiPau/Xee2R1sriXwT+zKRseIB/ueVRwYQV/LjqhXsJSFmueLFSDmDvv7erhW6VW
tgYGHIoRqoMP9nIrxYBJyv07pijNGhJ4IGchJmBVeT3fDFAsa2YMW7LGJnue8c4CyAtQL4Ciz56e
ng0VkOY1pwogqfgg0itLbJ4/zrpHawMEij3+2bnU+xkB9tE6e982n3jFW6VMxwi8ZTRLFyZOWVmK
TjObalU+qm2Rn6lDKCunUieRngi0qkOcygAiAtQMcPJingWNI3eQ6ajkU4+ieqHUHo+YHFKlKL6j
59F9jtQ09FzJEx7oZvl5vujVPoYnqtsoDzC6obUVXaNnWWwy2MjmCNuMR7xZvaN1o3Womm+8xpm1
d6Y3aii9hrNS46ys6HOkm+oP6l31fNAdzcDEqEdFsZHhB1RrlucK1rA87bvla4bjmHjOdFP70nDA
wTiFTSrMfqZIIXCQ8YzI6sgCQyaYWT2XNcix+2cRwOufqQFcacIjQgCYleXt8557vCN5yB9YYILO
1sseKfiVhoYFWCOAtNIgVc7S7/MKxqxmlmmI2L3LM6bp8nzIDo8iGYyuTL6xa1VgxQJTqwvbdDKU
5cKIZg5DmPf9fUb+UGnM0Ds290T2Q3wVEBr5QbSO4RmtUZq9jEYbTSSLwTqqLMTLxqWaj9maNNIw
MrVeGYYgPkzujOR58llifR/h54in0uBV40JtfhgZqClj9fL2RzXUq7MZMUOj5XvWt7x7iHCASizm
QYOLjNiGMrJPhJsRoZrF1gKErdjzsHeU9UGImD6Uwa+Lvkxv2a+P8oSNzazmIDszOd/TLVof+ZdH
O6666qpPeIWt2qz032cFcySJ9u9GBh8ZHyYJ9+C1YrcZVA2qKo9RGvU1Vcaq1qOJpkrVhvN/A0V2
O97OW9WHaZ5mylT8UBl+zMjZs/bPqFFVAFSVfyz49udk73Ukj0U8t5uH0mBvJ1Vy3Cys1H+vDjJm
4KmIT/SMwZGMTIZm+sYIHqvavXr+qm8xmBflGyYn9WuQ34zU5VXQaEwrNfn/B4rssIpepprn+j5Q
kcFgElXHVfUfFR6r8FuW53przZ38sAJ6QXbiFfHNBgZ2rTexYXgoP8WJEimyTa/DjCELsy96jn6q
yqy1z9F+lar6jJJa7NmfkjA8KkBD+UlSBVQoa0cKNANI7TvmJzEjxABkhtSfDI/uU9Z6saz4VO9b
7E+JI51Ghr1sczTqG8wZrUxmP0ss3ww0ZHa29+qtt3kl8x/mbiu/DZHxUHzKnnUWeKySta0SK1Vb
9nnPw2dovwfcWQCL7k35qXCGTWflgxnDgcjW2V72HjJes2ql1SPCuVGOYO6k9wG2RnnrkA4zcpQl
Njd4OE3BBP25MjvNzlcIV8xqYNUG3fpdpAeylXp3aG8Up6w/RVhL3e/pFOXqDOvPyB8oRhGpPsTq
uo5AFhOcrCHZQpQ1PixwVxo3VPgRMZfJnFUBCErDksld1ioAvpLgFhkzdFfkZnujIqjc/4zkzgwC
PKAe3UVlsGdpBHSzQ8HoHfs5I+vnowAh8pcRH2L2RUOtVQ2Dqvmv90vrW7NAmFI7KvfCNP9V8u7P
86lonaeT/R7RzPw7MnjoeSiDGk8uu17Ji6ONLuI7Y1iGfJTNCUyzFTW2kWxE2RovVyAdZ4LykeFA
FTt6ey0PLy+o/sNgC5RfKrYZ8bnsPdtreHehNtWsTnZ/1OtE54mwKOvjMwdbHr/sDEpNRnsiu2X5
LspTqr8h37IxGfW/7GCN0aHKJ+q3RrA+S30MRL7t2WhWHrffr3vJ1Aus3girBNqocfMIJbgoMNRE
p8iO1mT2Rbw9Z0WJcSF2SMIUAqSzCnDQYEehEVCogpGIH4ofJBt99t6xDU0VYEWU+ZhdOyKzWshH
mwbWDh74ZACgks8yPWcVooiUIU7k14ud1JztDUZYnXv5vT7qWWbEFvJHL6/b59Ucy+ozu4GvNoh2
38wzqvs8EKYQ24zNOK9Sr6PPzPBxxE8y+0XDvf7dqvwhe6fWuuzMrC8xOGHmsIHxxcrgBOmiYG/U
2CL9It/O6gGLAyKKml7Ea7lT727VAQ2SM8IH+bV6X4gYH2T6nkiX/jmFL5tPAAAgAElEQVTTj0W+
heJ0ZMjp8VKwI4rnzF6oHrA5vc8pyA6KjSq+2+tx9I+MMoYdAXheIxgRA/CYhltN2pYiwK0kRK9Y
M4nMW++BYOQsKqjxztUHxsxGrT/Tqpu2RSYCUyxFgw31fhVZUZCvAgBaH4uKr92DAKnaOER+GFGm
W8RD0Su6U7ZR8GKRBcRZ8zuTokZNyd8erwxMZ35WvX92WKDYVfUV5p16bqUhrw6M2HdMc788m1VD
GB2891aHqI6ytRJ9j+pAtQH3KPPnSmPMyEK+wGIjLw9mw43lPYoNm6/Ye4lslTU1Ht9IXkQqFol0
YzBVdXCR1fqMsjqS1QllQGJ5RH4zowm3fsZgkqoN1abP83cl/7CN6qwckzXUFiuw+No24D0/hVBu
8WQyzzJZ2TNEy7mreJrN6VkvbuskOwtg7eXpSf8rKqhAjF6YR0ojNJOyKVSU3Ku6oAKcJRqm6VCa
Y9R4KHsi+d55mOY52q/SKADx1laa+ijRREEfFSi2yWGbEqRbxI+RP6PwMTyyc2bANuNl3yv2iWKH
WcvEmJdH1EFapJcyqGAJgQPGX1WQh3RQCcVIdi51WIVqQX9Ps8Clx8vWRNbHFKDMgEXLuzok8IYd
yA+ZuqfeA1pXuUu18WPlMc0CS0x9YPGVXZflq1Gbzowvy7uKrVG98Hyc0SmTj/CaIgvtH+HBxNXs
RpzlHd0XW8siGZXzzMg/2X2x54rwhxffTG6I+gp1sBOtsbognRjcx1CGk9T8zvQtM8hih15+pVYy
+bF/tp4tjhj36zNHqhgtSxQW4M24GFS0s+SEhg3IoUeGB9m6EZ6t6QVeaaTRXgRWvHVeIh0BwDMI
NR/ofGwDGSUNSwgIZjHK8OuLidKwqWuYO7XnXBVQ6tdkMZINjCoDAwQ6VX5RzsuARHV4guT08ZLl
daYpynSoAI2FX9bQqrm3YieVZuU8xseY56M1rwLSo3xbAYEzG2AltiryK/VbGWJkQLPXoTJsycDx
jPiIZM7EmJa3/T7TQdXDDjtUUvzaYnJLnr/aZ5m+I/44k5hewX5Wc2VVr9F1bP5Rc/BIraz2V3YP
qy/CDIw89U6Z+h/lU/t9xruSf6uU8RuN0wg/LrQeLWaUYBNzJcF6RcU7AAIoKlUSaxbEWXJjSHFQ
S6i5Vvai+7D8Z/kLq593B2zyXUUh9O7cJlkGEGbEJI+oCfcGFaMyR/zU26OAH9T0s/qid1Yv63vo
flEOYP1AtS0LiFUAywztWF7oGZPXszhDsliKmskoNyqNZrVBrgKb6oAl25fle8Y3lFit5M4Z+XYh
tuYzckb8NQPaLEW2yepn5vd2zXYRex/scxVjZg3+qgcNVZqFUZkcx9TEkfod+QATi1n8MrHB6Jjt
Z2q4kuPROqUWVf1kZg5Qzj1j+FmVx+rEYMMq5rL+hOyxnXma7fXUc/a05X9RYYE5S5UmymsgRvVg
ZFo5C3hjDMyABCXJoveeoytOoBRg6wPRfSx6ReCfpVUlV4afYkdLXoOLigZq8Eb8o19XTfojzbSV
wTbaSMeoCWCLfpV/9DkD89n6KNew/NGgB/FlCN1XlM8inaPnI3Hm6VIdFGTrmQIc1aporSe7Gl/Z
e2UwoTTLmb2roBsRE3+R/FU14FFcM7me0Y+Rq/qch2kWO1Rjh8mjVueRvDRKUbzOGmQouZDhPTpw
Uaja8DBnZvNGtUln1nq+l+Vli+dUuYy/Z++jnkSJf8anRnTL9s+sA2gIpAy+LGW6VvJQ1X5ML6To
k9XN/nMFC/SfmTwyY7iRydky4OgPWGlUR9exoHIWIYdmGglmKtbzW75GycZzWgbcVQFSpB9LWUJg
AHD0rLJmhFQ72r32HhkAnQV+tVlAgyi0NuOF3jONeUZK0hspmEqTxjZB1aFCpIOV7TVUzN2wMWj1
yIpfFbCrexGfhdfM/OGdr5rfqkMg+34EtLF72HqfNfCovqmU8fFiUwXrlebeo+o9qA11FdQu5/Rk
ZndYkdXTaPyP3M/o3bJNPwvuGduODoQynmgNkjWSZ2fkMSYfZPfgYTVPvr2DkXtQcjzTk4zmfBVn
KedmzlHJZR55Z5qNw/r6wPSDzPkjHjNyLjsU6HW179g7j2JmRj1Z9vU2z+qI/Rz+DY5soyWl0Uf8
KkBfJRYMMZQ1HZHTeYGpBoQ63VqeeToxDY8KJhmqNr+ZLSoJWSFWXhTwrEylOUU0e8igUIWf6mMo
nuz3DM+ex5KcK8OlyvtFrt2TPfMKQMR3pOgucpWYU8FVxJcBoxEPtvFFtmHAf9acVJqECFiNDBJQ
Pp1RFyuDMI9PpJMHPBEPzwfYZkG5wxnNqEfMWZn9M9ajRjLaO1Kj0Z5ZfKL3UUNs1yq5ialR/fPZ
NVnJ1Rn2VgY46vAx0817r+QEldh9qk+iO0YDm0zO7MGgckcePvHWKKTUTi9OGZtlfPpnnu+P4MRq
n9DvzfyoXxfltizPKnZUCN1RxZepv8HB0OwE3BoOCDSFingsn5kpXE+eI0R7bAJmnW5Zw+qEeKL3
UQAqTWRmP5YPWzAjYoo0A6oqvluxYe+rI01/BTyODhlWucfbyzYsiCpNdWQ31edHC4CXNzKfmz28
sv5mgW4E5GcXPiausndVIBWdWckj6jAm4xXFyWj9ZputWTwrgx7L31vLDn2Yd14MZA1nhhUUPZj3
qyYvlyFsk63vn2VyLXnxV8EQLHZC9z0DD2UDPEbXiJTYQfsyDKtiIS+3rmKIY2UyGJx5nq2xskYH
N5GfZX1JH4ejOQTFuvc56ociPSN+nh5VrLvYK2vi2Tq1ap9tjTvvCK/lueXP5Gumx1Lxsr0jRteI
X2vk3+BQFFVJTcLRFCrijS6BBZFIH/tOtRNb9JnARJ8Z2R5PJCuyE2uDzIkz36iAe3W4xRY5doDV
P1/2ZXHGAB3Pjyog2zZ0zB6kh1Jg1WLBgqiZOih+NtKYZxTtrQwwrI9awOnlXC9OkJ+usklDvj4K
QNQaYWkV5/byCENZHET51POPiq5ZrfPyIHt/vb9GMpUG2/N1C/yqDWS2NgLso76UDXQicM/ksp68
9ZnsiA+SkekQ8VdqvJLHtzvv9fxVObN8t0JLTDEY3qPRQRL7jhlSRMOdCPchXiyxWK8fgFTwYAUv
RcMYlgfjB/ZesrNlOti7smeIzsLoysSnOtSpxic7kGHXRHnPYshVYP9s3yJ33TqydTbvEGyBqDhr
xlcpIgiweUlnhhNVwacltQAp4C3jv7yPCk+WkDLbsjQCGDLQwRS1aH/PP0saiF8GyO0zNUlWfBg1
sVZWZFuv2Y3ifEaTiM7uFSx1iIWGTiNUaVxs4VDjwZM/I8bts8gPKrqOFkg216G1rA1W1ZxGpDQH
bCxmQG5VDRCLN6K9Hs2I3ShOvBhUhgjRUEGpWZVY8Wjxo1Xd9ciwYqZsz46qrzFUyXtWPpM7UEyj
xprBh9ZXFd0zYvK1Eh8MZbkA1VNW3349y2vGcIqRp+DyPhegdUxzjkjBtJGds31KbUf+zvqd5wdq
/mNrgldPWN1GKTtTNCiq8GNqrPd83StqWfOmFgTWifsgjYYQVd69jOhMbAPkOZL3WQGfnj4Vqjgw
E8yrAOjoPkeLA0oaMwAVKhpV/RiZURJjYjICDD1vj6da3LxYiopSltRsHhgpPNH6rDlim9sqKbxs
4UC5e0QG4sfcQdQwqfIjfXpCfu3xs7w8f6zmv0gW4+eRftEeZX1EfZyODgIzYvjNjrUqflHum81n
XqPNxgjrV9s1SBjxhdlYYqSxruRJG6+qz6I48GIPNa8esWfIeCz/ZQ2aItfKjnCz1YHRWZEX5f6R
eqXEYmWdJcYPR+T2/Ct1bVQHi3dRo+zVMSSL6W09YhrtqLFXBhCK7yA8aHlmWIjRjaEKpkHE1li7
Z8v/otIzYIzBJAWl6PayswD2nCErDIyBs0TFBAYqSgxwZQLJe8+c2QY3U0BngEwGTNj79/aN6jFC
qp0QmI4KL5LRg45IN5TgUbzOKMgonj1iztqvY5qT7B3z3sqKeMzwUQTAqsTEtGKDSoFh5bFnRaAk
K+4eVRuBql3R8EkFW6seBHi2VhqNqH71NhhtXKw8BkBaYsGw932Fqk1UT2yOyPLKSP5U8rkaL0o+
QLowelQbWnXogDCaxyvDnGoD4WE+Vm/Vvorv2ObP2oJt4BkfUxq8WZgT6VPdk2EqhR/CUxleVM9Q
iRd1wMVigGrPygxSItmM/yp3qgxOkF6e3Bm5chZGYfGxx/vogGMUZCqEwEg2PMneZ4OGkWIYyYnO
wgRJ9E4JpOiMfdBENqgEFkvZXWXkJXJmSKLqtnxmCrQKbHp+yFcz8MEOh1RwyBDyYwYwZ0mJBSfZ
s0zn2Xmg92l28BLxsbFa8TOrB2sD9g5HGqJFXqVwRnnMk6sWbjbPV+zK8EJ8oudV8M0AhaweZKB4
Ia9+efGC4lhp4Gx9qTaf/ee+6erloLUsjQx3PBuidd4e+/1CDB6wZ818P7sXtYZXMQsD4qvyM/zg
YTKkW0YqnmJjYwRfofyG8Nayh/FRL95YjBx99uotkovOxmAZj7+3zrPRLLJnHu3rUP5Tz+ytjTAg
Q9X8gt6zww3Pz1Qdsr4kywUoJ6v1n9E326/U9Z6XxRIM/6MDDgVkMkqhNUjJTHFFvqqzmkx6/qz9
emJk9JfLOEH0jCk67DuWKgkzcn4UeBU/9Apa31wiUnVQfFZN4jb5IdBrzzv7jjPds8aPAerRHrbB
jvRDslU7VYqDHXJ4fGbfl9LA9TnOsxtrp0r9WHh7sYmAqZczq4AjI8VP2GIe7VNAUmSbKNdF54jy
SyVXsu89X2H5qfU74qHIU0GdJzsCnIwO6j6WV7ZGbYIrIL8qT6HRhonxvVHdVfzg7VdiY4RQ88z6
QZS/Z/qA5VntWarYsSdbb7PYHq0FI/a09cTWDgYbWGyfxVb2bBZZXOnZTunJet9ANvLqbH9Ho3GZ
YXIVn7H7Mp/NcFu0L9Nl0/+isjDuL1VtqlkauaysMUdgCAE49TxZY5bJZRosT15E2X15/FBCmR1M
UTPKOH8FNChBtaxHBcXGR6bDSJDa9ajx9N5nZ1P9nfEtBYzMsA2Sge4qk8cOZhApsciADHRfVpYi
N8tLXo5DvjgycEJrVPAT7cnOFq1VzpPZgMkxMxqCDCBHoMTziZGmdhU0owFTzzAis5oDK0OTbB/L
AxGbO9GaLD5Uf89wYSQH4UUvj8+qXZkcj0bsbverjbzdM0smu9fuX/LU6FAhWl/1p2wdes7UUBW3
oT0z8mhPao3O3lUoa7CjZ96gBQ2/2JpsKRqIefwq9QD5D9vXVfrhrO9mKcKljGxLmwYcC2Nr9Ixp
VmgjwyuHsJOsSDcFNEd6erK9Z6MAuJc5I0lXAy6TOSsJVpJfREzxqTQEEZ/F/xgbz7IX8sfq2RTb
9MScGwGZ7bBJn1/6u2Jjs2qbiF9v89Hzs41qtLZfn/FW8mq0FzULyhCkajeFNwNMlZgf8Z9Kfhlt
GrxnVd+N7na2/zO5hq3nlUZtBs9ZtbrSdPY6eDHJNndqnCDZiJjcVW2iVOw1a3jUn30mrlCGJYyO
do/3fcQ/e6b4nbffnoHNBZGN7J1EvLx32dCDrRHKgM/j7Q2BIn7VJpZ5zuAQZvhVGRLZddWzM/kN
5f6Zts+IGcosz9U4OxbE+MbyLjrrOtpsN9mLYwMRFQjGYViKEha7Rxly2CmfAn6i86Okm5G3VwF4
FuQwdvECuQrsZoB0711mU1QgveKgANnqgCgrsErTzjxbeFs/GCHbIFVBYq8f2mfj0b5jzrWqpD57
8NjzbS33SaWRj8jar5I3owKM9FDyKrPPy71e7lIbDhZUsfvRegTyZ9bThR9zDhvnVXCerRkdHNh7
Ye6J0UUZwHi80HPUwHmyM4qwDHt/Kn6rNMnRnio+qlJlmMHGYvS+kgsrNq3qiPhVcVzkd2y8o9wY
PY/wUVY7WFxVxVKVPZEN1Pxmc5vXC0TyPT6Zrv1alnf23Mqv4nBWhuXffz7Wg4JZwx0VP4/kZNuL
9ryjHBb50DrbsCkgPWp8WUerXkjFmaJkoIBdBEA8B0NgbeTsNnGwDmfPZz8zQeIl/9FCi9azAeSd
BemZFapK8VD90srwhgSramRmN+NKk8fwqQIG71xMc8E8326yg6iowC40Wng8+yEZrC7M856X/V4F
bqi2RTXLk8vIR3kkA3Qqz+x7NbeqxOQN5IPW/mi/Uh+ZtRXwzwwB0D0zNZqpTxWsgGpWxRYMMfcb
6YKGI5b/KKge2YeaGmao0e+t1swKrkbrMptWserCW9WFWVchxNvD8+wAqoqlqljHuzf1Pmxu8/oK
uwfpwryPzsv4ebQn802vxnvntPeN1me9Aer7ZlE0GMjWZ8T0GyjPMXJ6nXv/Y/JndM6dGRiuFENU
hGdOtRZeqPnz3kfENOeRDtE+r/DZy7PPvUFLVECtDZj7Ys5m9WIKuULojHZNtUHzAgPZziMUUDOA
YkZs45gV6dkxp5DaCCKZ0X2xd8joX/EF9P3sPah4R/kh+h7ZJvLzSE9W/+h5tGYVeZmRweRVlVR/
z54rQICVM6pTxgPVbJbfzJzG8q7mHJYPE4uRvpFMNQ5YYs6X5ax+PWtzyzdap+RVxFeVy+TPiF92
N0wuUtawfrOKPNHfOVPPs/VVfbJzRp/VPFW1J0MzYjzzUdY3MxrFaRbnMvfD1M0oT2U6obNE91K9
e3Qme092XWTPX/mVX2mnnXYalLuxsdH+6I/+aBNP7xzVHM/s94jxuZ3opaeUUngtL1Y51MT3vKLL
zGRH8mYUOFUHFexFAakmfss/Gxz09s90VJ9b3pkeHr+seUO8bPH05GQ6ZHusvuo7T7bnB0oSZnXN
gOp2D1CYmEPPPF+rxk4Ewip5AfkfKlgof0U6MTkqOkMGUFgfVIAZcz9MQ6Xes1K3lvcRD1Zuxb7R
vkoTrtR4xc7RXbONsMerUrNn5auKb0S1I4sFVN8jW1bPGeUTpcGsxpmVUa1nyJZ9jrXnQ76v2lKt
YxV+I7HDYhwFW0a1idGH4a1S5r8Z9sxitueB8gFT56qxOxOTsTW5OlSx9+E929jYaDt27GinnHLK
0f/6O/rxj3/cnnrqqXb48OFQr4pu3rki3Zm9/V16+5UeCdk7qiH9ushHzz///Payl70MnuvIkSOb
+Fdzf7XmZveB+MIBh7c5+qwWd+To3jvvOaOLkmCZdVkzO5qEvefV5t+SN9CInHbUQRn7RHdrdUXP
vcCtJDQFJKjyWBCCbOD53cgdWX5ZcvR06vkgvauJzeqRvbfANbonxdfserbJR88zm6N4V8Amkldp
UnrZKHYZUs7ANtxsvqjwVgB+RohXFdzYe2XBCHOGSo1XzsfwjtZ4d+c1MEq+rvqDcm+IN6Jsj1oH
UR1g6oGnV1YTEFkZI7GYyWCeV3xyxtpsbxTfTP7weLemYROkY1Zz+3WVZqgaR8ivWft6Osxq6FCe
VWsGOhPiweb6UUy38DjttNPaOeec0/bs2dPOPvvs9opXvKKdffbZ6W8VHDlypD399NPt8ccfP/rf
Aw880J555hlK/5Hhk0IIc6GardSsyFdmYAErR+mnZ5I6X1g+hwMONcjQ4VnAkQ0t+s+ebnZPtI7V
1X5Gzso0D1VwZ+VEpCRB1lkRVRLxIrv/6u2N3lWKG9IzsxcDZDOq2thLTqzNM19jfSrjtehp9fa+
Z/hXCgyjByIGxKg8VfJypJUX+ay1HQO4FECovvNopNhW7jXy8wzwZXlCyTXe95Wcq9zDKvP5DGBT
yV2sz3h6bmcznK0ZrcEqXomIGWKolPHxzsriqUxWRNs1fGB5VfhH9X9mzWLjj9Uxeu/VNKXej+TQ
jD9r3xl40OPT20Y9N4tto7rk8ciwxAjt3r27velNb2pvectb2tlnn13isb6+3s4888x25plntp/+
6Z9urf23zg888ED7xje+0e655552+PBh2jZ2zcJvoSpeYnhsbGy0k046qZ133nltfX29PfXUU0cH
NVZv+z3Sw37dtWtXO/nkk9uOHTuOrl1fX9/KwKEzzzzz6PeHDx9uBw8ebC+88II8eKuuY99bO61d
f/31R3faRmcmUGComsAqRb7Km3kf6RMlE1WmXVM5b3UwoK4dCYDsXkcCSB3OVGTYd6otZg2gWL9T
5XqFcqFR38oaRW/tDP+o5J7Wxhv+KqE7np0XR5qpqmwlZrbLFttRCxlZq6x7jB6ruNNjzWM0l/Tr
W+Obx1XcXZab+vejmItZx8Slyp+Vfyx9bua+0bzV2jgOqGBi+07FdpktZt/NKvDYKmhGg2n3tBYP
UxdS7L62ttZOPfXU9sY3vrFdeuml7dWvfvUWvDibnn/++fbNb36z3XXXXe3pp5+Gum0HDkB+tmvX
rnbBBRccHTz85Cc/afv375+aj9fW1to111zT3vzmN7dTTz21bP+NjY32wgsvtHvuuaf9zd/8zZb/
TWhG3ayu9/buuOqqqz4RbRyltbX6P3uKeI7wWfagvf2aHjCr8macfeSM9tna2lo75ZRT2llnndV2
7tzZXnzxRZn3KqjqD8w+L+Bm61Hll+lSLdjZfuvP0VdF5nYU/uMRYCCyuaqSD0Z9UvX32fl6hI/X
HHn5f3b+YPlFtWi0RlV0mb13hGb6NBNDzD5mrZIzjwdSdbI2yeqi6seMnZlmqPpuFXe08GV5I+y1
Hdivsn9VedRbxwybLO6O5KifkTx1z8z9I7QKzMoOLr1n9vnpp5/e3vve97YPf/jD7bWvfW17+ctf
vi02OuGEE9revXvbVVdd1c4888z2+OOPt+eff95dm/l/dNbMhxHPhU466aRNw43WWtuxY0d78skn
4T5Gx57W19fbhz/84XbaaacNY4oTTjihvfzlL2933XVX+HdQqnE0G9/vjBiz00uklJekPN4eRXyj
ac0JJ5zQ3vzmN7c3vOEN7dlnn22f+9znXF72q8erX4P4Zvp6ybxyga973evau971rk3PnnjiiXbT
TTe563sZO3bsaG9729va6173unbuuee2U0455ei7w4cPt6eeeqr9+7//e/va177WfvCDH9A6sWCF
mS5Xf0LJFMnIr71iW/0pfEQZPxRj1UCPAATDuyp7JCkpBZUFx9UJ8uwEy/iq6iMLsWBRjZ/sGSPX
3oONRbaW9HKQXrN/qsr+dCqyZTXfozpcrb92TfR9ptNobFRzm2dLRhfrO4ydmLueXSNQrmb9j9Up
ii3vc/QM6W2HkRmmzHSsvvP0rtaZGbUQ6TMjDym6WPkjxOZ1qw9b89RcGPlp9N6rLSN2noUfRrH1
DPkLeTazzz07nnDCCe3nf/7n2zvf+c62c2f6px5XRuvr6+3yyy9vb3zjG9tdd93V7rjjjvbiiy+6
d874h92zrPN4ZbXWG2548hlicGL2d00UWv7wq81j3nCygjkWGvXxnR6TbODBgpWs0VLJKwqXXHJJ
e9Ob3tQuvvji9lM/9VOttda+973vhbp75L1n+GY81Iv16MQTT2zve9/7Nv0/UJEM++ziiy9uH/zg
B9tZZ53l7t2xY0c755xz2jnnnNMuv/zy9s1vfrPdcsst7dChQ1An9ixVsIKGEzMLc6ZHtAclPmY/
0iUChwr/qChF/hgl46r/Kg0VAiUV4KGAWgToVT/bblCi+i9aq5yZkbvw6gsVo8doTomI9TtGVmQr
9f7VhifKDeo5vBhHfOx92zN4e9nmw1K1rjANTyU2mTtm7Idyf7Sn/7qqnKTcW2QHTzdVR2ZPtC7y
4xl5diZ+jWw9omdmE1afqi4qPptdIyu4HskZrc+za3treW5T81FEbPwyuf11r3td+8Vf/MWjfdPx
QDt27GhXX311u+KKK9ott9zSvvnNb256r2CEaAhq8zmqr9lww/JF+RfpOssnLfVyvf4i0oHxrVk+
3Vrwr6iMJI5eKVQErdJMsl6+nnvuue2KK65ol1xySdi8s7r1tGfPnpSvkqSVBBq9u+aaa8LhRmvx
JPUNb3hD+/CHP9xOOOEEqOtCO3bsaG9961vbGWec0W688cb20ksvUTIZUs6tgrJlj32n8oh0UvVj
ghwVk6ptUZJlitJog2D3eTFgbcA880i1ccTDWzcL7CHekT6zmpdqTPX3NgPsVc7U69N/X9Vn9Bxo
CNYTykvL+yguov2WRvyHiRmGqjlB5b0d+yIeaIDNxjQaILN7rR6Vu1KG1Oz7LF+igU7F7xGWRKC4
knuzPdXahGobM9z0SH3O0Ei+rJ6juobxs5HmCFEUV4r9InsxOs/K5/0+JT9Ea88444z2y7/8y7Bx
P5Z00kkntQ996EPtsccea//5n/+Z5miP2NwW8WOGG0jeKmtwhUbzZBXLMt/D3x1iLzwrXIoBosJ1
6qmntiuuuKJdeuml7fzzz6f/+qtHvTOrfG3iZM6UvfPer62ttde85jXtiiuugPssj7W1tXb22We3
D33oQ1uGG0eOHGlPPPFEe/bZZ9vOnTvbK17xii1T1osvvri95z3vaX/7t39L6d3rO1pwVwHSKwW7
CuCWdVmDyQZ/FWyoAMvK9Xxx2TtSBLL3mW7LmpnyvTjuZW5XAVFjRMk1lQancm7Vzz2q5pBZgI85
w8w4sHKrwHwkx/XykX523wg+mE0zZcxoHKsx2K+N/MwOznq+yH+9u1NinvX7GfaL9lldo1o7C3OM
7POGXB6N5FxFH4ZGcEfPI9JrJGfYHBTp6vkLm9cZHTNeXnx6ZO2yPFNraB/L7J5IX5YiGWefffZx
O9xYaG1tre3Zs6c9/PDDRz8rOcPyivZ6z9ThRi/jfwPNGjiiHzz1z7cMOCoKMAksm3Bl8j72sY+1
c845h9aJpSpflAxt4vUmyojP8v21114L//+1SPZ73vOedtJJJ216/vjjj7e/+qu/ag899NDRvTt3
7mzvfve72zve8Y5Ner3lLW9pt99+u/u/qiiNBNOoW8e0/od8hNTLL08AACAASURBVPE1pVAxtOio
DHQ8G6AJJgMyojgdAZfM3gx0s2e0lL1XQRGbx9DdjCbh2Uk8es7EWbamCkR7inSy7xRi9EVrPL0i
fZQzV+NJ5c/caf952avmFCZOmGdZw6HQ7PsYkac0tJ5vZsPj1vz4YWoe21D1ZOsjm6uZ2sRSJV97
+qDPI8ToxA6UZutmicVGzJqsDii1PrIBU+9RPmPP6J3JI28YFZ2PwSmjurG5SOmhPB5s3DH2X1tb
a/v372/PPffccfW/p1j6yU9+0u6//34K52V5UbF5ZbgRyUB90rEmFctX7Mvmgi2/rtBfeB8ALEV7
okTqrfWeRU7x3HPPhbr0fLzBwtra2jBf5gK8S7OBZb9/97vf3V75yleGOkR0wgkntIsuumjTs+ef
f77t27dv03BjY2OjHTp0qH35y19u991336b1p5xyytF/WxqdyyPPNgp4RnbJdMkGD97+RV/Fz7Ok
2OtjdbU6ekWCOQOrg9VFjWe7n9HHK5o21qNB3wghP2L32c9IZ+Y9886uyxpzT98esPQ8+jWWp/fe
+8ycy8rs5aGGzDtHpWGL+Nm4szytLKtbNV4sRX6SAUwG3PRro/VZTpl1zpkga1YT7T1jMErv216O
jvZnTSPakw3g+q89DxZLRWvYmsvoxOYLBHRZuUiPbE8v0yMUT9G9RXKU/K+sj4i5Q8belXrB5BlW
dtSLrLqhYxqtSPdsOGE/V/yyl1PxFe++srvIMNvGxkZ76aWX2mc+85l25MgRWaftoI2NjXbTTTe1
Z599lrrTWT5W/c2NiDy8fbyQ0rOhd16sRH1EdJfhrwcw0y1WUWZtr3x20BdeeKHt37+/ffe7323f
/va32+/93u+leng87TOFrwd6PDlWXlYwW/vvvwXycz/3c0c/HzlypG1sbGwJDo/Xnj172sknn7zp
2fe+9732ox/9KNThu9/97paBxp49e9q//Mu/SI285b3KImT9xZN19dVXt4suuqidd955rbXWHnnk
kfb973+/3XnnnUfXZI1fJJvZ4+lnAzTS3Tur8t6Ty+gc8VNiycY0wwPJnk0ZALF6othVG4PId6wM
NASzfEYaFIaYooR0rfBjdIruxcvN0ecMyGY5xhIaPkTnUImpZao/zPKZ0Vw2e71Soy2xPsLwYNdk
8a/GDtI9yysM9XrZGof0j/Rg7zs6V1YHEUUDUAbToDtUfNizp0rqPlUGk3/Yvd45KzZW9PHumdWf
iUV0lpFcEsmZwSPjo+T1hx56qN18883tgx/8YFmvVdHtt9/e7r333vA9qheLr9p1/XrPF3ft2jX1
NzcyH9oODM0SqwtzLs/fIxst71b67/dUE7vdu7Gx0V588cV2//33t+9+97vtW9/6VvovfbA6VPna
xGxlvPWtb21XXnllO/nkk9sjjzzSbr311vDfNrZ73//+97ddu3Yd/XzPPfe0iy66aNM/8RrRoUOH
2je+8Y1Nz5Z//SWyw49+9KMtz0455RQadDDNA1vEWEKA6cwzz2wf+MAH2mtf+9pNe3bv3t0uueSS
duGFF7abb765/fCHP6R1yQpbBGaYoMwCNtONLaizAJOX+GeQop+6trW6vtXzWZ9BOis+URkcId1G
KOKD4j0byLXGN4Ze3GU+X7l/9pz9GSNZs8HHqsCMHcR671WwVW34VPt77/8ngb6ohjANnTokiO6Q
aTQzndH6aO1IbmLqr41NdoCt6sfgBWa/unfEz5n8ywzU0fDM7vHuwasXbC5XdFdplTlkRk2uDNUY
yu7YxtfXvva1tmfPnvazP/uz03QYpXvvvbfdcccd0h4FO3jvqsMNVoYXJ8e6zlVqboTlLD82by65
JhxwZEWUVZrZn4HU1lr75Cc/KclGcnr+I3yjS9m7d2+77rrrjjr16aef3k488cT2qU99KrXD2972
tnbhhRceffbjH/+4felLX2q/+Zu/SZ3t0UcfbV/4whckINQPUxbqBz1qsVOajlX8lMIbbvS0vNu3
bx+tGwtGsnWVnzggXlYmAsMsYMpicRRAMQA5W6/oEPkak3ciypq/UT1UO0X6qTwqvsjEeX++KL7Y
wubJq9hKbbSVYYliw0pOqO7xdGNirDooiviqfqbkBkXHzI7VhiGL35E4s19n5GdUS1h9qjJVuZ4O
9ntEM+tZplP0fETmbH1Z/ih/j/D13keYpkqV5m8GNs38wFs7kvsjuTMxZmbL5fkXv/jFds4557S9
e/fKcmfTI4880j772c+21ni8ldW/jPbu3dt27dq1sj+6utwNuo/Zgy6GGLsh7J1hcqXub/kbHH3R
sRvW1vz/vzsidt2sfR6phTOTbd97l3DhhRducerzzz8/lX366ae3d73rXZue3XHHHe2ZZ55J93rB
ic7SO0k/UFnowQcfTGV6cvtnFbCdrffk9u+uvvpqONxY6LWvfW27+uqrt+zv7eYF1ihVghXJRTpm
PuDx6NePnhf5RuabKil5aVmf+Wlm9+U/lDPRc+tnGcDpCxoiD4iyPNRiGBVW61Nsg6w2PSM+qvL0
4qT/uqq6NWuPd1cW5Km8oz3ec+9us3VIRo9JELHnQk1+5qtV+Swx8aPKYQAyQ1XbHItmf0Z9Uxr1
XtaID3nE7FX5o5iKGhe0lq1ZEbE4gc03ii4z4yF6n9XOWXqNnMViHJbXkSNH2o033kj1L6uk5557
rt1www1Hf2hrG+n+WUSV4cZHP/rRoeFGVgctBs1idjYxtTvLhRlGtjzRIMejdY9BtEEtguxwQSl0
LPhhySbJGY7+9NNPb3m2/NFSdDnXXnttO/XUU48+379/f7vrrrtCOdnZo0aqP+cFF1zQfuZnfmbT
vscee6x95zvfkWQq9xA1Xx4vJgH17+wfWEW0rGWHQx6gVJvq/qvH0yOUBKKEUtGr349iffZwwhKb
N3r7q3YcsTuzjokTJrl7z9UcFTVs1YYIPVd9qd9n1zGDhkoBzwb1yn3aMyqgeySXMvZU+DE8lT0s
cGeeZbkfDfLQfpuPK8M95h3K01af7AwIo7D4KRqssuQNLJnzeaT48SgvuybSf8YQhLVHNKRisEVW
6xk8i3B+ZeAZrcvquNXFi0mE1T07KnEyczhdpREdIj8apf4eKjyff/75TcOF7abDhw+3G264oR04
cMB9z/YhzOeF9u7d237913+9nXjiiRWVQ0J3wMTXbPJsNxNX9+s92yO5y/v1iEE26FCoMkVGsivT
RMRP5ZUZ++677970h2xefPHFdvvtt4d8NjY22mWXXdZe//rXH3138ODBdvPNN0M9qiBi586d7YIL
LmjXXHNN+8hHPrLpn5Q9fPhwu+2227YUkwwEVieFWZCoBXr5g6IM9Ws9/2cARnXghwgBrAw4ZeAV
gQg2gUcJx5MXkQUukb9lemS+ksXqzAGp1c1byxaiVenVk+qPkZ+MDhwyecoe+71Hi9+MxC6TB1kA
kPFmByEV8MM0eaM0ypc9p8rP5shVAEGWZz/gQ/4/kj+8IWKFvAY4GzIpFMVLxo+R5zXTvZw+R4/k
6+oAWRkKe7ozzz15Izh/hj95Awt1aJb5o7eO5T1KysDK26vKYmqIihHYWLRx8dhjj7U///M/X7mN
Pfr85z/fHn744dJery5ntXwZbnj/2/+ofHV9BUcphPizmAW9U3GTfbexsdF2ZkUvK7i9MrPfe4nP
PleCnylcmZ6eXp5jfeYzn2mvetWr2mmnndYefvhhd4K47DvppJPae9/73k1n+epXv9oeffRR+myZ
7r/0S7/ULrvssk1rLR08eLDdeuut7b777qPOODNwGIDhFeSZDVXFp2ZRVJSsLTIftrHBNmaZrTM+
I/fA8kbn8vRWeEeU3Uvl3NbPPF7RXSj8R9d4uvSfR+IR3VMl16D9Vcr8LJKH7rUn68uefyP/ywo8
c45oD4qzLCYyvoiUBtOuYeUwetr7jZon1i+z+2Bsn8nL7mo20FViUskPkX1VXNaTF5Oo5nn7szuL
zsESU/+V/ei5attlz7IW1WL2DjJi8EclJmbHQUWPkfo7emavfqgYg5W/fP+d73yn3XHHHe3d7343
LWOU/vEf/7F961vfStcpdcbz/eXrzOGGqp+3dhV+3lMFfyCfy7C5Z/dMl50q8PFoRhOgJGflvaff
jItHxXR59h//8R9Qj4WuueaadsYZZxz9/Oijj7avfOUrJZ0iyibIP/jBD9pf//Vfu9NONmFGn6Nn
Hnn3FAF6j98jjzzSdu/encpZ1np8ZiYGZchg31dAeiRXBWjRO/YeI/nVZN3rMWIXRVePnwKKI15q
AWJiqZpvo3thwH4FIDM6onzNNiHZoJTRmfGzKKcq9rD2RHZVfFUlpgm0ctR4yNZFz1QAnumixFAU
I8i/1BzFYBQlD4zmr9n2ZusV489q47/wsrGKzj1Sp2aRlxsy+RWc5fHJ9tg7Yu4N6ajEKaMfInVw
yjz34izSqVLDZhKbdxVi9L799tvbeeed1y699NIhWQx973vfa1/60pdc/Swx+Cfy/VUPN3p9rB7H
C9mBQxbbzIAtyhFenkF97ZY/MsrSwtQ6dq/MKknhHxmi/1xxIK9oMnr0dOGFF7Yrrrji6OfDhw+3
W2+9lebZk6KLpfPOO6994AMfaK95zWtCWzBgvnd25A/ewEVpFqLC8f3vf9/l4ZG3VrFhpn8EQD1i
GqbonQfc7HqvwWPtz+iR7UXgJxq+KYBlhFiwpehUXY+oj8sIrFf818YsAneR/GhthdBZmLthgHrF
t9h6wTb4yvpoLZNflByk8rdxjfym/97LR0jv6G6RL6pxHPkd27h5n0dqHNrHxp/9as8Y2Y/1mYy8
WuM9szZj5UUgmFlr9ez932IY1pfUe8mIybVRI8ZQhhH6z0gPBQsrvp6tXVWfwca6R9FQKvMl1FRH
a7aTsvv3vrd7brrppvbYY4/NV66jp556qv3pn/6pFBdqzV4+b8dwI6s/3trtpF6/qo5KHvcoWkv/
KyqRQiPJVZE3sicq5hXdI/DDrPXo2muv3fSXdu++++72b//2b/T+SBe794knnmgPPvhge/DBB9vD
Dz/cnnrqqXbkyJFN6y+44IL2a7/2a+3SSy8NgX1PCBhFzt7fxWx/2djYaHfeeWe77777Uj733Xdf
u/POO10eLDETR5W/CsqzyTR6zjb21hfU5oQhNaFlsjJAHdHMmFP49ToqDR9ak9ESg5Yvwzs7t9cs
qk0c2/Rkw56Roh+dmR0oKcOEbB+Tk2eCIHXAFOnnDSdGYt3LR2gAoNSvXl+WT0RsTUByooGj9Z/I
19VcH1E1hhBO9O7Ny0mt1TCIuifSBe21eSlbj84ekerfip9Gvl7FLtFAq6pTT9WcwfK3MtTa7fG3
No2wSITjPN5qPmNIHbypcpc1hw4dajfccEN7/vnnZTkMvfjii+2P//iP28GDB1NdELFN+KqGG1Fe
mRUDs2mmXgi3efm1z9NWj50Zg5mUFXx2Osk0WNF6C7bUiWimb/8MJeqNjY32C7/wC5v+0OUzzzzT
vvSlL025A3u2O+64Y9MfOl1bW2tnnXVWe+c739kuv/zyo3bctWtX++AHP9geeOCBo0loRB/rrMjm
I+C8l7P8cdbon4u977773D/giopMVhTZpkr1N0QKr6pcu48F0Ix8zzfYvQzZ5MfEe1UHxqdZ/8p0
sE0danRY21kfHo151i96yu4lavqje634pEoVn2DWePlklbWZIXQeb+hgCdVhhby96O69mLG6Rzow
cZnpmclA8c/6l4JLouej8VDZG+nN2kTN5dUan+kb8ULv1dwY8VXzXqT7KDZj9avSDPxi3/V8mTrM
1BkmL7F3xtxFxZ8inhX8g/KHx/eZZ55pN954Y/vYxz429M+oWjpy5Ej7zGc+0370ox/BdWpNjvLS
qoYbvY6eTzJYtOexHcTWOo+yuOvPY4c+WRyV/xeVCmWHZhxP3ZPJmu0EXrPR03KZr3zlK9vb3/72
Tftuu+229sILL4R7EWXrPUd48skn21/+5V+2f/qnf9r0bvfu3Zt0s3KYJn75ujhh9tMBhSI/WPj+
8Ic/bPv27Wu33HJLu//++9uBAwfagQMH2v33399uueWWtm/fvvbDH/5wC6/o7iJg7O1DhcYbhETn
yc5r5WbrK7E1k7xzR7ZimqX+fe+TtiG05xrNFyPEACbmTvvc5cV1BVz2tmKKp92LPmfE+h4Ce5Ft
Gd7V+MvWqA1TxG+7gEoWK1kzyfiNvZPtaqg9/1YxAPIDtf5WeLA8s6Yosr9ST/p3I3axOqIcxMTp
zFi167z48NZkGLCvhap9Ip4esZiFec7I7O3BnC2q3ZFsFjMxmG55Z22qxvHMniTzN1anCo9on9Is
Z7bsPz/00EPtC1/4Qkm3iG699da2f/9+6czq/W3HcCPTJfJBi33t+9mk9iURMXMBi3mzHLo82/Ib
HB55E6xZjQOS1T9j1s2Qp/BVBzY972uvvXZLcFx33XXtuuuuc3n1/5Rra62de+657Xd+53eOfv7c
5z635X/NYKaQrbV22223tcsvv7ydcMIJR59dfPHFW/7QqWqXftqIbJFR73MRL0/HO++80/3fUBj5
Hrgf9TkPTDI8s8Z4dGKLdGCBOXu/yI7e/Wax6dmgX1dpttHdMM+yu7H6Wf/2eFbuNjuLJRXEjMS0
5Zn5BEORzewdWD/zzqT6kGJnpHekW0WnSA6KTU+W9xkR4u1hh1Fi8x/rX6x9+mdZfchybA9Slbtl
ZY74DvKD7D5Vm4/kFCYG0R0yumf8ovrUU3TWiCy+ic6J8h/Sg/EhFQfMsJ1dx9bDSh2pYqeRXI94
MTlyVk1H+6r1nHl+9913t1e96lXtyiuv1BU09K1vfat99atflfNnlA+QL2/XcKPXC8VydldVH8go
ijNV5kgvk52Z+hscUWJZEp8tciMABhW+EcCPpjxRg6xSzy+y4/Ju7969W/aefPLJ4X+W3/r6+qb3
9le90ADKnvH555/f8mtdL3/5y8Pzefw9qjTOyG42CPr3CmDo5UdFZSYIVwEgu69PBkps9P6pNpCR
Lswz751iZ9sIIHn2PZIT2aLS+NjP9m7UAjUjlzJ3zMaz5e3JU/kiGgUrHg8lJ7H6o8Kc+d5oMUf6
ePuZ+PNsptoiolE/ifK/og+KOYaXbTSzfUwjgs6h5F7vHdugsu+8+IowVpar7bOId+Q3DH9P98je
FVuzNDLAyvyNyX/ec5QPUNzPxEijuS17t6omr6IHYzcmF6g1ffZg2eNtsVTWE918883toYceGpL9
0EMPtc9//vOtta0xEsn1iMFLe/fubR/96Ee3bbjR62W/P9bk+ZdXFzNCeNmTp/hx+Dc4mOlwNAGO
ikYG9O1ztRiopF6EpejcUWPUr3/ppZem/v9nC73hDW9or3nNazY9+/rXv94ef/xxV7eFXnrppU2f
Pd2YO+7fZUDRK6yo+bABlFHkn558K9sDE9uRXCygQXapxonaxHt2Z+KXec6cwQN52R62qY14e2tm
5CW1mZ3hc959Ls+VmIpiyZLnw4xtra9X7BzdlcoH2d+rUVmtzPTs186oeyiuGZ9neHr8s7uO+Ci1
onKXI76U6ankuxnENDj2vrP1zPt+DeNLSq6o+iS7PhoU2O8jXOLJYXGFqivSmeXB1klGv4gXW2NZ
yvSMcmbmO0xumqGjgiVGaAbuU4iRY8/N+saRI0fajTfe2D7+8Y+3M844Q9btmWeeafv27WuHDx8O
9Z1lo73/9zc3TjzxRFnPCq26/x2lKC9kmCuqR2zuVGJ5y4CDBYQ28SvJPmui2IKs0KyiE+1DSdTj
/+STT7ZTTjmFlvWyl72sra//v1+4eemll9qBAweOfv7JT37SWmttz549W37l67HHHmuPP/44POdp
p5226fPyt0AsKU0l2s8ARZSoPB9hB06Zrnb6jNZk5AHNSG/WdyzfKpjxiLWV6gMReESgU9WTeVdZ
u91AbtbeKI8qxX/Un7IagHSpNAMzYyGizH6r8F/1LFEuZBvfKnjOzhXlVPSDjVn6VYZzVarEKFtb
szqpAPyZww9vjwJaZ8tH+60fKo3ZKAaKiG3wR3iiO2Gwyghlvpbl7ip2QD6m5gRVPzUWlfc2n87G
KVZmxf8Yuz3//PPt05/+dPv4xz8u/WbEoUOH2qc//ektvcose/e0DDeOxW9uKP1w5KurJgVTzsQb
GR/3Nzg8g1aCJ9qfgUIVyM2kKihmkmj/7pOf/GSaPPpnn/jEJzYNRJ544on2+7//+1vWLX88s6fX
v/717etf/3qo+2WXXdZ279696ZnHJzpfpLOSsJlEmFFUvNkJvr0nBqwzwZwNDaNCzQCpkWk189MI
trhXBj5ZHhihzIajhTtqKpSfdlQo07nP3RYARcQCdtZmjD/OumfEb7SQMkPUKm+0vjro7D+P3I0i
T3mWyZy9JtvD2nn2oMzmQGbIkcVbtZZma5mmFMVJ9D6ikdqiUK/XyLDMu0ulLqB7Y33Te4fygIop
mL2IMhtFaxHNwg7eme2dMTkzwmGqX3m8kOx+j0LsHURnV/OEx6Pf++STT7Y/+7M/ax/5yEeos2xs
bLTPfvazR38zPdJf1cWjYzHc6Gk0983OnZaiHMf0W0jH0YHa2tqa/6+o2KC2DtcXhn6PEmRobf9u
bS3+f6iyIK0Qcw7vvdXzrW99a/ut3/qt9tu//dvtV3/1V9vZZ5/tyvK+R88inRe655572osvvrjp
/UUXXdTe9773ubq/+tWvbu9///u38PzXf/1XSjbSpZrsmL3RGvQM+XQm04sB1veYWPL42uJl4yLS
mfX9VdjY02GJjSyveM/YPGGfKwAjW8P4CmouZuVFJL9/jmIwOgtzF4x8dn9lL7pvlg9jj34tajJG
eHvrs+fM2lWDGc9XlIY0skkE1NkBXSXGGB0ZkMXmMWZgVm1YkO8pser5k5JDLZ9s4Jbpmtm/2nD3
e1ke3h169lJsPxKvlSGGx6P/2u8dyd+eLnbIgdZm5Ok9QjYGWb9DAyaGlHqMiI0vBl9HmBL5deSH
7LCitf/uOW677bZ0fWut3X777e3ee+8N+SH/UPq7Yz3c6MneAYNLZ8UHoqi/YnLf8h/KQyN6wX9F
pU+gTNMwAsyid57RmKI5MhGqFKX+2d69e9t111139O9YnH766e3EE09sn/rUpyDfysTKJqyDBw+2
f/7nf97yz7y+4x3vaJdccknbv39/O3DgQNu1a1fbs2dPu/DCC9vOnZvd4PHHH2933XUXrV//XAEk
3j723mY4fybDW2/1VHXL1iLf8opwJo8lL7a8s9ln3h1GoD06l/csGohkuQHJy2TPWKvuZW1VJdRA
ZaBO8Wvv7tnGcASgZ5TlJbUoz9obEZNL2edqfoji1/JG71B+iHRRfSbyy+wOGNxgdWDqBOu/0bPM
Zqwe1o6KT6rroztT6zQ7QGLulSVmrQe0kZ9ltq/aF+2ZkW8yna0+qo6ZXI+YHKjUepWUvDuCQdB+
5jOrd/WOIj1V2cy6hf7hH/6hnXfeee2yyy4L19x7773tjjvuoJvoan44HoYbnk95dZ21/6qI7R8i
yuJGxUILUf9M7CIYgWVPWYaUIB5JapmBZgHU1lq78MILt/yRzvPPPz/VrddDGcYsk71l/d/93d+1
888/v+3du3fT2nPOOaedc845kN9zzz3XvvjFL7YjR464siIdsjVIdwVw9qRO+1AzzgaWCuBYYu+b
HTRWk3r1LhQeTLJSk7XNIWh9dTA0I0eoDZ/Ct+eX+bVqXxs7nqzlGTMEQzIZoDZroJXxYQtrZs9e
b2+9d19ZrmJyU58jMx2sXaNaxA7NPB0iuSyxOQC9H4njaryinFyxh8pnpM4iQnwrgxtGp2p+VPfM
yp2L/AqxOs+oTVFOivQYweORHCavsnuz9RGxPmfz6Gh+8fIuozfTP8y6q0x3pK+XD/q9y/u/+Iu/
aGeddVZ75StfuUXOI4880j772c+6+yJ9Kmc+HoYbrdWG52pMzCDPv6pyPXzC5mJ79vWeIRJgPy9N
9fK8/y9SuP+ekTGTLDi3+s2U+/TTT2959txzz9G6VZrTfv3Bgwfbpz/96fbtb3/bHVRE9Nhjj7U/
+ZM/aQ888ICbiJbv7R1Wi/eie/9V4YV8ztKqE/6IDXo9IpuqTXl0fxWdmDWej0RyFdDW82Mp8wnW
Z6wuUf6z+io8I/3Y/f1wUwWGio4ZgEDDxkgvpOPMPJ3Vn8gWGahl8p/X3COA4vG0spRc4N1TD4at
rkyOVBq/5XmUqzM/RHXI+9q/j+pWhlGUdxG/bN1ovfB4IJ5K3ER28/hlebbnM6vWsvXekx3llYoM
RFae6nMqHlLjiuGLGmpmv2LrLKdF8a02VKrvMPu8HM8SG1vIHxj7qYRqInrf62T3eXXEO+NLL73U
9u3bt6Vneu6559oNN9zQDh06BPEGoigP9fyOl+FGlRA2m03IHzIfioiZI6C9/ffrXvJHydIONSpC
PRmIKhfENA9eY1ClXt7dd9+96f8Pe/HFF9vtt9/ugi5Pl0qzb+ngwYPtpptuavv27Wv33ntvO3jw
oLvuyJEj7dFHH21f/vKX2x/8wR+0Bx98cItsm0DRHVZ1tr432jxGfFVi7kIFb0yRUMDhDABeBSxW
hufHiA/TGLONUSWhVgGk1Yn1ARtLqEHLdPTszMZNf19oD2rG+/VRLWCeMUOADMxWgVf0rH+e2TBr
8ljf6NdF/ubV3Wqjyw4uFIp0YepxtA7VhsxerJ42hrIYUOsR23AreW3W/SFbKHasDFgUO7J1wz7L
muBRLMr4rCcnyv+9/3l5NdvD0KwBjqdXv4Zt/pe1/X/RPha3VzGjYptZdqzikAjfsny9mPLqlZUT
YY5ZzfSBAwfaDTfccPRfirSf2XzC+l+//rrrrjtuhhsz7FnpuVWeFVxVlYnI5sa166+/fssuNOVi
letBr21+FJ5sg+rJi2Qw51CbVm/fq171qrZ79+728MMP4zsv9wAAIABJREFUtwMHDrhATbFz5RwL
7dixo1188cXtrLPOart27WqHDh1qzz77bNu/f3/7r//6r5XaZFVU0Sfzx+V5a1vvqdKojJJ656Pv
Z+2ZTSM6ZLmhNVwwZzZ+o2dgn2c8ZvhylONbm1tM1fibSRW7V+w8W79RXjP8bRU6rpJnJKe1uf7c
8z6W/lzNHYhfa9xPb1U5VfLOq2LOmTUgquVsPkFrka+uEpOoeqL1rc39LYSKvVnereFBzyj/yj0e
S6ymxJfSt5x77rntsccea4cPH6ZiU7WBXf+7v/u77cQTT6T3I7rxxhvlPYcOHWrf//73p8hfaH19
vf3Gb/xG27Nnz5Y/n6DSkSNH2uOPP97+8A//sL300ksyNqv0mlW86v4NDs95qgfoD+8ZAjmnckhm
kqQkDTVQ+zMu9PDDD6cy0Fm859a2LB0+fLjdd9994XuG13YlThYoVZIY48/RPbFJddRODK+omGTx
ciwHFZV48uJKLWCZLdG9zrrLSsGP7pj1j/695ycM+GdBd7Ze4RHxnNFYV3wn8wtks9nNmscf+Um/
Pjs7yiPLs9E7mAVc2Fw8Ohwb9R9LM+oEOnNkXy8PVXIoOoOKZywtfmafeWeN+Np3nn6q3as5LcPP
7F1kNcniazVfMWexvDLMzMR9dk5FJ48ye6uDLsvLnoGp9SyhWELxP4KTWOrPPSO+IhkbGxvt8OHD
7Qc/+MGmZz3NyKGWx1e+8pX2nve8Z9qQQ6FDhw61J598sjwkQjH793//9+1Nb3pT271795COP/7x
j9t3vvOddvjw4ZKODKZkc142L1i7/vrrN2YW7Zk0A6Dava1tTk4VXoxzIT0ZkMdOuVrThjEqYGD0
qQ6/Kroy+irnYe9sNlUTmLr2WJ3vfzsxTQbTXI02YDP0Zt4x65TYXgWN5PRlvwfCj/W9VPYcD3Gv
ys0aV3ue2TabvXckHrZTz1F5LK9ZOHO763Rr/KDXW58NGmfi79EcPIJNs2ajtePjN/tmYq/KesRj
tLdYlX4Kqfj9WNSn7ep5Z9QANl8wdj2e8Zcqi5GzXlGon+Chhhntz9ZEeo0Yb2Nj89+PUPXOdGAD
NptOWV6IT3+enqI7imRlCb//3uo0c7jR80ODGHTe7DxWBjsQmUnsfVXjxL5TeUa6Mc/tGrtuti0t
35n8I54oZr2vkU4oLmcTKoxZ0ewJxWW2HwFrlbyYsT6O+No1KC+P+NRIDGf5n3lXjfuIovqd2TMj
lLdnYYGs5o/mK1uH0H5UD1nwXN07Ux7Ly8uDLBbs+TJxie5QyQ1Wnl3j5Qz0LNozixR8xbzz7oy5
X8YuGbH4opJnkIwKv9H6kOEABWNX8fmyv/+q7mHP4tUnRZb6fsQmHrH7K/FoY0jJF1EM9nczAwd4
+XS5V++d/TyqA2v/9VHmEfBgG/OIRgFvZc2MQpM1CizgHp2GqQmEBWGeE7P8+iLPAMl+TaVBHwUw
nu4MP9U2no2971kZWdGeBahYu7GNo73vij6o8UKU7YsaZxagz2wymeZS0UFtLBX9KkMT1geywZGX
M9i4z0BGts/joe6zexnfHq1vrC97enkDvSymK89mgDS2EWNBYcQP7R/FQKN5XLXhaC7oeaj1Vxnm
oKaXacD6dyh/qZjA0yvCQhEf71k2tBshq7OCc9A6phHN7GsHR6xsyyMitrZHfGbeQ88P3bc6SIri
k6mN3p5oiFklJn8sn1HcKzEy0ntW8WdPVRyL7q73ixm+uuio9hoWIyhy7Xpm75Z/JhYJZUF91owy
zlW5BMZorPNUAyALMARYe1CuFq3RZDoyRUROHr2LgKT9bBsVTxflWf8uCxalaPbnZQpzz4dtfj0Z
nt9Wkke/Hz33EjmyowIwsiScUWR7BlRGjQnye6tzvzeiWcOliC9q6COa1TizwJ95nzUpllfWOGXF
P3tWiSXlrpn8Eek5szZU/BPpFeXwCj+P/0JqvlN1iRoHFXSyedPqOLtZsvwjWoXcXjZT+xTf6Xki
eYiUmsXmetR4elgo4tM/i2SP1BjrkwijefvU/FptDLP6jZ4z/cuyV2n07TsWh43kxeX5rBrArFP9
S11fudcshhSdELbO9PT8msExng7ZcKeK7z2frNxRlFNZX0TxhfrG/nMma8v/opIlYrRmMRxqRrNi
xb7rLykaFHjv+sTj6cQ0nSPAwwaF52we8MnAVbUhjJ6rgAIVW6ZZQgCWLTJqM4f8FMllfQPJ9tay
hSrTe3mu+Cny+56XxxPpM9rQV5qW7A6W81TzkH0/WiysfhFfhT8qPswdRWtGhjdKYWbtWyn26hDO
sxlTe+z7VYDHfk+Ut2c1yupeNk9V5Ua4xbM5m//QfaF8rzYpUR5XYp5p0irk1Ug1Zuz+EcpA8Mzm
jcE+tnlh8FvEQ8XHPVUap2wNU8uZus/KtPHD8szqN6IoVzBys3XWNlU9R3It877v1foeBPV1rH5s
/FRJqaOoT+z5qT2J977nx9QF9c4QbxUnj/okOl/ka9F7xD96763z3q+jlyohw7HNKgsIF1kRUPDe
2ff2WTQM8c5h97Jnshfi2Wy0wLEUnY1pZhAvtZGPkqd6Pi+pIT1HqT9HBmSQbGVQlQU+20gwdxSR
9Vu2KVBzjDpoY8gDpJ5c7/uMqk1AT1mzquo2c/iC9iuDGVYHJQ+ggU60tv+sAjamwFubzPJlNFxZ
JUV2Yn1ytBGtNNUWB2S1pj9jtS6rOmbP2WGaxwfdV3Rv3t4ZZ89irNLU2bOghoax7UiuYWWivUz+
YvXL9FIGMZ6Oam2s+tBIDUbvVJ2UGlfhGfFR8Aors8dvWcNb6VGYeorOjmxd7QtQLFqd2Ptl8AXi
h94zvFHeivZXe31vLztsyvqJZR3iXemN1tFLT0j2XBHu8VqMyCZ7dLFMkrCyvcFHJg9RdLlRckWJ
JBsAzRhSIV0YGWyBQY0c6yvLWu+Z2kSN2k4BMtmambE1a0/ve+i+snezfTTSEZGSSJlCHhXQkaaA
KWRRfpvdmHh6WGJtNmt4xMiK3it1RAXMlqfXODO8kQzrb6ODA2X9SPPLDhftOmV4Fcn1dGBrMEOR
L2Q1myHkQ/19eHKQj7BYRwHa0XqmmWQGaB7PqFljYjqyLauDlaNgD8Snf7boPOJHmZ8jjBrhNvSV
kc8Sm+cyH2PqM8rpKi7w+CGeq8JGGWau1qIRHRY9ImLs69mYiWHv7NXzq7Uv8gum/x6xYRUTRnpG
PXqFmN5J6dP6NTuuuuqqT7CKZMBA4bGKPb3Re8e1+o406d4a5vvo2YykNgO4ztBllsMzcvqvzFqV
94z1I362ar1n7a3yr8ocaYq306aWDxtzbLFlZKLP2fPRfbPkzOK/XTRyfypQY/eNgJGRe56ZkxQM
oMpm85OiAzOMme2zs+8+4628Z9cohGx6LHDVKmRld3e85L3Wtg7ctkMe+szumyX/WBDjH14usv3Q
SNO7HTQLF0W8Z55frT2jtYrlqQ5/ZlGl9o3G8vKc+ldUlsXVnxx5PJTkpEzJrI7LM2WCpU5Vo8mu
/WmRF0jIlqzTqeAl+mkF8xNhRY9VgTrvJzSerZjBFhNorG/adSNDQPYnz71fVZPUzKFU5FfWjrN+
yoXOXPmJTbae2ef5QTZN7/Mj85NMNico/qu8t+eJdLN5375n9ZiVA2cMH9BzdNf9s8wGyFcZcDor
FzG/dRHppspk8kO1Fqlrs2cjMeXZKlubPWP59fuVWMhqreKDFdy4xEwmE/32hipTyf8256nNN4PJ
PD7VvJflsyq2975n5EVr1PrunRPZTGmkZuVUj3eV1F4G9SBIFzXWZ5Otq0juqvBvlBdYv4h8XZHP
5NDIVsxve6xi0KPqEmEajzx79PvhgCNL9EpDnA0ZmOYYPffWVMBWn8hQg6xeQOR0npxelm1eR0gB
2z1Vmw/k2EzBZXSzd43uHE2yq8FYWZetz5KYl1D7s1SB8wxikuioLl4cVmOEtZUCbhC4i5I307Qq
+cwOTCqghB2o2KGM1XM2MKzcM9tURo2KWgP799kQBOnBNnT28yKXHYBkZ6iSWq/tue07FtAjuTNy
H3N/3t0p9oieqbkO+UiFsv1ezESYKtpr1zIxw/Bk1jB1Ksv/GfaYSTNrueobFkMxeTJ6zg6sVN9H
vQVb/1n/q8Q3Gw/es6otWMyOagjal9GsfobF69VBCJN3q/0BsisjR6lxI4OgzFeywY2HZTI9s7N5
9dWrO9RvcDDEgG+UpNigZ5yp0pDbhsDjE12YdykjAKTXw+oykhi8O6oMcNi7yuzMgPdVJFalYfVA
t8dzFqGEGg1x+iEYm8iUYu359SpAFUP9Wa0+lRhh1ioNqdVl2d9/n8lUz+HlUk+Oyk8dqDCx0r9T
BiysLixwyygCtUjnaC3bkHqxn8nP9EE6RXuQXkhW9jzKTwyf/h3LJ7JVVPMqOU3xh+VZ5g8ZaFeG
BNG77Ty3HVQgfl6u9OKCrcVMc4b0QmvURjkiFJNKMzxjn0KozikyVf9jckTP135VBxWK7UZ9Lbq3
Si2s6hCttdh5JG8ovWD0bLSfZPoWxqfZ2m75ZvkE5Tm7P/Mbby0bB0wPxvD06l7FvrY3RnpuGXD0
TswCM5Yix2GLkMI/ejdDli3W/VfFeUZkR1S5rwhMV3VA69SmKfrMfB/pFIGtrDlSmoKIFIDPNu29
fkoizygaqCxfVV+bAaRR7Nk1I40Z0mF0QGHfo3UZkPfi1sazzUlRjspyF4oz5j6itRHf6lAi0x09
j3TrayJLyAYIsKF76H2C0YfRPwOUs/Kbkp9Qnon4ZHwzkFfJk9WaEN0DasYYH2SbzixHMbnJ0ztb
q66JfCOyn9I82ncMjvCakP9pxDZk2R61SbXvorqU+VMkx2sil6/VGq5SRW9Grj3DqvqyTJ8IP7O6
Zfk/imE1n470X2oOyWrqcqYsXpCtI9n9Wi9nq/XD4+sRGlSgd5kNrK1YP4/WbxlwREB1JKAy4Mwa
vJKUrGxVh6zQ9+tQQ8ok2BlJa7SZHU3QM5pYq5P32X6vDJZQEmXvhfULRhdGx5GEPYOi5KkkILa5
svsqvlZpdpEO6DPapwJF9l2WzzIeqJmyz6vNIJMzF15K/Eak2DEb8izf93ZeNehdKBv8oHXRmkV/
r5FTcmFEkQ8xezKqDLqyZ8zAiXmXrVHqhG0evPjzAKJSsz07eLaI8kvkhwzIr1I130Z3HjUXo0Oz
jDKcU7URuj9mPbNmZoPJ1DTlzvvvEW+lfimxFTWU1XUR9X5SwVIZX49Pb4fsTpkazvZwMwc4rHw2
R3vrs7yT5SI2JlFtY3pcdmDC6MK+8zBHvy6qb/YZU0/s2vVswyjw7APESxps48+CZUujBYhtJLIE
zxSAGcVSIbXZWu4BJVgFGHsNTrZWBXP9fwsheey9KA0m4tU3HagAejFg42jEJzL+SH+PV8ZXufsM
EFXeVZo3RJmO1SHBqD5MTovuVPFxNZcs71kAyTStaK1dH9nH3g/DK6OoWWX2MXqpoIX1QeRD2cBA
Gb6MEgKPUb3K9Ff1rOQoNu8pvLO4Z/RBgwL2zqzNmUGJfa7UESuzH1qg2hphGVR/2VykEos91Hqp
5OaRfGftk93lrPhn9VGIHYAwa7N1am9TyTWRnMw3qvG+PGN0r2AHlZi6OzJcyQZt6M6U2Mpks/tt
ruyfz8hliFjbRPuY3LG8X7cP0PceMcm2/6/C3+6P5CBdlOatcsHVhI0acVQoVFDrkVo8s3tgGyK1
2ettq9jY8z2G2Gafecess/pF940aG++z2oR5MiPeLK8o2We8K4Bq+Z6JJyXW1QLi6bXKYQaikcIa
AUTPtlXA7MW1B4qq/pc9z/S2etnn7P0s9kbyoobAWxvZiy38CqmNNBos2HUZVeMzww2rjEc2rmaA
eDWXMUDZxv0sn8neo6GIrX92gOHxt7Wzl8PqmemV8fFqzigpTWe2flbz3K/J7IPuo0oIz7NNpEeM
PRSsyJCtA57+7LAi8/U+5mc3tmzdVrFDVRd17Wx7VPvKnliMr/hCdeDg8e6/evl3Rqww/cLyeX3V
0xqVWGOzEynLpzc6ajgZmVWKALx1BDYhzXJ6RedsHQLr7AAkWx8FbGQ7ZDMrz/PD6EyRL6nPPIDA
8p4B4itDJI+qcaIAz/6OPTDrNTeRfWfon8mpEJMD7HqF2CbEy51VYuOPIS/v2SZo+eoBOKbZqzxj
+Nv3ka8yui1nVvK+8h5RZBMG3DJNTjZIid5FNRH5RCXPenyZBo8h5t7QQMDjxTYc3v2x8aPGWqaz
XROdO8tTmQ16vb1alDU+WZON9kZ6ZOsYUvPcLFLz+ChuqJ6TyQOILCZHvQWTqypYgsk72V4UFwpO
mtEnRTJn8Wf4sbZD+iiYNtqDbIGee/giynGqjp6eVl+21lTk2WdRf7+OgpGhVTZD6DJQQ8sEhhK0
2VAEOaBHtiGL1ni8bSOH9jLPvUCoOD66H0//rBhVi1aWDBgQxSQ8VJTQmpFBROQLVbLxEBV5Faxa
HVk9GaATxc0MoJbFOasbuz5bm+WnVYJTBPSX75UCxtgW6RHp5Mnyvnr6Vu458lGUMz2fVWsGG3NM
U2w/q80Xeq7Eu6dDRFENVOVGPqw0CBmwQ+sjXT0/9/zTk62eu9qYRDmXzdeqf1Xzm4qL+vdZI9zz
sfeY4U7b/EY1lsEpqJG2elYwQwVbqLmnf6bmw56i/M7KR36NcJB93jeRUWwwTSYTnzPxTxbHkf8w
PZdHlfNle6P3rKwsJ3v7e79jbNfvZfoaL98o5O3r46TK1/Jnn9t36G6iehjx89ZsbGy0HW9/+9s/
4TFVBEdrM17HikaSacRv5P3o+lFes9ZUaKQoZntUIJf58yqK/gyy5110VZK2FxOrBEMj++zeio+o
fKsy2CTOvov4j+S0WT46YnPF7hXZbE5QQA5Lq66T1YZV5avkCOXemKaSXV/VYxWU+dJ25M3M70d4
q3SsdDiWPqDIrzRvqIFSmzb73sMV3ldF58raqB6u4l5RPZ2dT6t7ZuCGEb1GMHmFv/VJNPzwmvYK
nmD0QmtW0fN5vFfZZx/rvJnpwPjhjiuvvPIT3ks2WGZdJHLIatBGSb6iX/Su0liodq048SqAOiN3
ZJ26Ntqf/TStMumfuX5k36qSDpuYRxuOql6rkv8/vQCwtJ0x2PNgwdAoAEKgJwI+s2k7/IGJ0+32
y1WCrO3iMVKTZwPoWQOMam5U5Y/UP2b/LPtmejDrKrxnD55H7ZH5WfR+1Eaz7m5mza42pAxvVnZ1
f3XtzDMfC2LspPxWNLtmJNetilaJX2cMdNTnI7p4tOmfibW/rln5FWSkmAWa/bvo151m/Npa9msx
Vo/oLJWfHHm8VLtmv65ldfYAffYrol6yzZyK/bVTZaBQ+XXKfi36tUw28UU6RAVJ+bX1SO9ovX3G
/OqqIrPna+3D+G529tGinP0qJmMPpMPIT4Nn/4SHkVktGNmvzkcxyO7xeETxNgr4lV/PtflfqQXR
mu0iFA/I9xj7KmAtqxtZHCi1h23emOYsi9dMhl2jDMlUMNzbUYkPNs4UMJv9FLT/zPzvFJmszD9Y
PGhtrgwCVFzQ8xytLyre7O0V4WlEmZ/179W84unjYdCRvFqNY6tf/xn5YJV3ln+YOsbYX+0xKnmG
lauuVWKUwdsMj34d08P0ORblVOUso+sU/SNi+spMRzaXWN7es5E8Gu3dcdVVV30C7iSYrIJmAc0Z
Oo/wGJVfCZpZclf5k3lFD+/75fMsn9xO284gJT5YQD77vhee9g5nxdPM2LLPFJBelVVdY/8bkT8S
U6NnUs87mxDf5Z1aWEf8k7FVxQ7Vpo/VjVnv2XoGzypVmpnIJ7YTY8yIBc+O7PAG5UxVh5Hhsuq7
I02xQrN5Kn6xXb/JmOVMdp96p8cKd82ohyN2mUXHGuOu8v6UHIZ4oM/o+XbmmEwPVq6HBew5qhhI
rVMz+g9P3nq2oKft+DXfhX80aVWJ+SmGvQzrJCOGZ34aEpG9dMX+XmNpeWf7o/WzhwqItz1//977
6ZHHg7UXS+xatmAr99T7pLUFo+9Io8Ts62Mp+qnijHiK+Ht6RO8j/bwkj/RgiNGVnZjb/zJCvGfd
RbaGsWG0pv+PLZxszI82q+incGoDl8UwWtPbxeaTSKdKzmPt7/1kqfLTJpTjVEDJ5EuUKyN/UX6y
GlGWo5EOI3KtbMWmNm9F7z1eqi8wdx/pwP500eoYfY7WV2qqisOydVWcpuaCiHeWw/q96p1W4oyx
R5bTUA2rYLCMPxPfrE+yOtg9GV5h+MzEGswdz+oVMz5Zvssw8Chl+JqRy+aGqO5ndTn7bZdIzihZ
Oe7/ohIpxBSnGc1v1NSO8kYO6xX5rAhHNprRECH57KADARcEZDL9q4AuSnj9eapFrpdh/ZgFU5Wi
MbLWS0bRPTF+ECUhm4wiG82g0QFGRBXbqw1m9HxmQ8EAQ89f2cYyk83E1yhY9tYrw5CKfhVelkdv
H3X4oQCwqr5M82DXjcaAd49qfFu7evwrDZPdxwyJGD52vcoT5R8mpqr3GMkdbTRQbmJ90tvP1GU0
bFBqrCIj0jmKD5QzMpkslmPWeI1elpdsQ6bogOw2Uk9ZYvydiSGvGWMwPDpLpVYrwyx7t95dMPmc
JaXf8/KX0sNV+ifPJhUaudO+sVd6DjUGI3zY82N4eHk9ykdRj+ytjeQhUvO6t94bxqxv3fr/FPIS
5vK5kqSYgIsUR8ZX5VaBqqUo4bF6soAyer/qQqFS1Bix/NXE4t2rMshh5bPvF96RH4z4LQLbXuJZ
dPDihrFRpO8qhhcMKbGPgGZ/PxF/C8IjHhF/73srp1+T3WmkRyTDvrO+g4pjJLPSFEV5QKVqvDKk
nBEBtqzRY2tmVhMUoMlQVE9Ga4Jt/KJYQLZRzurxUEATG1+jYK6CoUZBezbwUOWhBmZENyZfVnMS
0o+pLb2vMvVcrQOoafHWePk0GihF1K9nbGBjmsl53vOeX0bIJpFfj8aVMmjI3iE/YOIQ1U0kP8MV
6t2g4RBDWS2o8PTWz+phKu/Y3i2KW0X3KM4tH89/mPpZ0QVhl6yWZ8MTFptaW64ziR8lTTYQMhn9
5+zQagJTmyN2iJCdPUsKSgJikrdNiGwjE+ng8ba80H7b6Hs6Il7ZmUcSApLnfWYBHAsyMt424ajA
2gMuEb+sgFZAfqTXCDFNAdMUMY0qKsT2jpnvq2CKBZzL56xB9mSifBTJRXb28q4XF0pMjdJok2gJ
+Yn3OfInmw9RTYjeo+dIr0h/9DwDMd7dZ3FrG7fsDCjPWb7e94g34qHsy9bMrl12HVOf2fco3vs9
FTsoell9WJ/peaO6F8m3tQM1+Rl2tetQXbIxxPDNKIv1mU17hrutzzDxh2oIm7OYvkCtVQjD9fJ6
381wIdP49rzYvoUhpJuarzPeSm1ma9JsyuQy9vBq1SxsHOkW1cVV2LEyF8h82+tj7BpE4W9wVCgT
PuLYFR2qQJ4t1qskdljS2mZnZgqUlwwZAOMFpgpYvKTNOr83HLHrFYDs8Yr8ZyQReYUhI+X+rRzE
j2k4LK+KLqp+zF7rc0pDEsW+95wBQHYtEz/evoyQD0afrf7I75D/ozhDwJ4FW4x9ka4Ksc3fiB5R
bGWgHOXtmXVIybPReqU59mI225flXGRLBvxk9SMjxSaoeY3WKjp7e7y7i9apOSgDxVnDtqxRag8j
T8kjlZyu1DtmCNCvY2Kyt5kyiOgJ7YswUeQjSk1S8hfjP96ezAezNQgPRnuYBi7KaTYGkG4KLq/4
KSPD27PYVKkHkSzl3qv5d/nM4rVIRuYjTJ/mPasMirx3WZz3uvaEMF3/OcORttcZyfXZXVv+Hq91
NigYh2MbITVpKXtZUhsSbx8TvGpAVc5daUBZwJU9G2n8ETGgoJIsI+DgfV72MnfH3o/XdLJFTUmG
EdhnG9BV3Cu6G1R8bCJjC/rCUy0eSjxVwIVKzNBheRcVWdTEMsOIzPcYwKSAliy2RwAB8x5R5B8Z
wPFiP9Mlso3SoHr70XPGl3t/QDGAfNLyyfTzKMMfUYM9ajulmWaeI52ymPZs0PuHBZvMnXiANbOb
Uo/ZZjK6v9GaxTQjs8C5xSszc4+yz4sxr7Z6+YxtDqP7Qnplekf8bb7ysMTy2fNd1ZdHiPWVCIvM
zvWRfIVnRTdWllKDomeoiWcxt6dXNfewOVzts1ANtPV55K7s2REGYPInoorferrB/0XFblZBVZQQ
q87A6MFeogKWI2KS0awGCCVo1hYKgPLsM5psFYpkoWD21kfrMmKBXaUp6PVS9M18CTVaStM+cr8j
w4TofCOgzt5fBH4UnbP3zHpFZubziGd0bqSr59NsHsuap4wWPVXgO/s9EwNsnGQxzuZ2m5OiWqjk
KgQIETH+EAEij499puYgplmOnit3reZ5FVBW6jziFb3z+Ht7sxrL5Ca7r/dfZm30rlKnMgzb56+M
P8rFno5eE2D3eZ9VzM3EgtroZT4xg5g8hvwtwj8srujvPWrkor2Z/qzNFEwY5Rmv8cxIHVp5nxl/
nYEtUW4YwYqRPHbPqmuW3VfJC0ofn8UjygdVf1d8ZzkHipd1BUxkF5oZoHoxjC7eOxb4VYAd2jdS
AJhz9Z+zJKYAkIVQI97LmxXQiBRAyRQmVrfI1natoh+TCKqgbZSqjY6l0cbS6sI25axeEfhBPNU7
UmwQ5agRv7eyvKFDZA9WNqOXpwuzRm0+WT1622a5gbGB5zuo2Co+Vmk8vL02risgdHYMMgAeAbFo
6MPoaHmi2PFyIhOfIzXXq2FZYzma/5X8hgYTVT28e0Y5gG20WT+J5FaJHQawwyNmkOLJ9nhG5Nln
Jl5jeM2uQ4wOXq6zPRFzl14eWdUgyJPHDHQYXiO5pOrzmW7L154/69MzztPrwa6v8M9k2BhVMAqD
e6M8G+VOdjARkceXHZqwdXE9WsAAb09gBKA8hbK2QJZaAAAgAElEQVSEEa1h9nnEgiB1DTpzlapD
pwrfrLmPnAklGmUYwJ41a0aiAsMkRMUXo2IQBTwauig+gs6f3UNGqyzGC2Wx6TWgUfzPGOpUKWrG
ZvBiSC10USFViipLqAHqZbLnHvHLCKj275QmiZGjgDsFNLGNZda8zwKhauOuUJY7WaAW5Y7qfWXr
R8i7F2/YgfYy/BVdRkmpPVV/RDU42sfi3VXXxAx3ZdTbDeEJJsd5cdQ/mz1Eq5Kny0wswNbULM9m
NlNqsLe3Uksiino69CyjWXfCxn42JPV0UvyI7R2rvUyWAyMdRgnVQva5NxREww8P5yNCOS2rG/Qf
Gc0mfNnwIirUatHOGsOoAY/2MYmCcTwEJpG+keyFJwriSlNbSWAV8DE6xFreM4CFIWZvVDxZoJQV
imyP/Tyj+czidpS/wic7G2M/xH/kvZdslZhVQDjiPaOhYeOfGUYw+kTni0DHqhqozKei3I/y6owB
yEhjmsmwdxTVv4hmN8dIN5ZfVjsiv1KAkxqv6LnKhyXGP1ehC4orBVtknyvEDgXQOiZPVPxDpZkD
tP/D3n3HSVHffxx/7+4dHQ6kSBXEiqIGEBCwoIJii4iIvaZoTEzUxBgTE3tJbKjRmJ8RW0xiRCVi
w4oVBEURsAKCKCIeIBzl6u7vD7hjy3dmvjPbbrjX8/HgATsz+53Pzn7nWz7MzKafM35itJng2k5G
0gWd8Lm1mX7rVf3543a8/Y4hnI5ZchvkNW6ujykX/YAphny0V7bbeCUE/MZm+s696q1b32jz2lSe
U9mm9aa/bfaVq/bFSTbtsts81ylZEmSeFDS+dA0JDtsOwelLNQ06TLwqnRebibPb9tlM5uvZJEH8
Ts5tBoNBTmq3uHPVAAbtxLziLETHmh6P18kf9LOa9uX1frcBrt/OIkgnGvSz2+w7m07dbxtiO4gJ
0pD6baBNkzCvzjDbmIJ2rjbJN6+BqN9jGjQZZHpt2t6p7faTGDAdI6/BrFc5buvd6m+2/Znpe/Rq
5/18R7lkMxFL/7ft95i8zOmYBR2rZCv9XHLqF+oFqSdu25rOjWzHErb8jqP8nI9Bk5pB65ZfXsc4
6D5s64yffsOJ33G61/uS64Pt5w869k7eR9DPkVxG+r/d+iO/+zCtz0d7ZbuNaUxjM3fx4nYOpJ+X
fhIWNjGkT+BN54fTfNPPeDfIeeZ1TvhN4EnBxu1ufVMu2i+/ZUTrNwoyQEteZzuYLWTmKl+drk0H
l3w8cp0AsInNVKafCYGpItkM/LyOic126euDHod8fP9BOzo/daD+WKcnekzL0v9tu48gcQdJ/mU7
GfL7PQapf34ThX7jcNqXVyfo53xx2382kxuv5IJT3fNb3/3uPxfc6mbQpILbAMNv++43geM04fWK
rb5sp4Fh+nKnhJ2pzFywneQ6DaqdBn82MediEGazzk+CqZ7TuWf6DDYx2cTgtF+/Yx0b9d9frupR
Oj+TDrf3Z5tQcuJ1/vtN4tS/Tu9Ts+3rcqm+rrqds27tUBBB5z65LN8m/kJ9R0Emw+mCTPCDbOOU
aEiPNZcTeL9JLxO3NsVvAi85Fr9JHa/P4tUXOY2hnPoIU8IryOd0ep2u4RkcQbMtuezQcjkgSi8v
F9mjdEEm9m7beA2c8znYT99Xep3wmsT4PekL0VjbnEBBk09+tvczgHDqwNPXZ9MJ+TkvgnxPXvXG
bfBlKivIwM6LV5sXJJmTvMyUyLDhZzLmJmhHaSonm/d57dur3cu2/rmV5zU4ctq/30FT/XK/n8Vv
n+vVNngN6LwSG7ZlmuK0qYNen8uL06DazyA7PZ4gCQ+3OuNWP2y2cYvVZrBp+z0EbbOyTRoks6lb
2dSr5Ml0kO/MJs4gcdmut+HUniXXB6fPbqozQcdBXt9Xet/rdM4GSTa5rS/Ed5Aeh1PSqVCyHfOl
jx+zGRvngime5PPaqx0PEk+27Y9Nn+p1/vkZHzglBYO2bW5JRtOxdpuTBx1r22i4RcVrYBe007WV
ywl8faV2m7D4zVh5bZOLBspUeZMrgU1Cxetz2+zfdkDoNVkIKshkIJ3bMQhyfPweR6eJQy6PkWm/
yevdJuDp5fhNUJnKqn9/0GPqNQFLrtu56FTTkwDZfMemeJP3axtv/fEL+j0EaZts294gdTcX7WI2
yR3bsk3HIHmglLys/m/bwXfQc952UpoeXzZJB6fBiE0cbtv5SVDYlu3Wvrn1pbZszm/bcm3OwWzO
Fafklu24J3ldkPMt/X1B67zT+WbzPq/4TPXA63hk28+41VG345VtffDb/rktd0uC2pbvlbBwO69s
xjVO8XkdB6+Jr9f57la+03Z+5yJO7VfQ/iabsbqffeZrTOFWVvL4ye38cqvTXt+pWwLOxKbtd1tu
SkYmJ29M+/Mz9rfhVudt6lv6nDwXczwb1g8Zlfx9MNsG2uYDBx1Ymyq43wbPaRu/gyabSYTppPOb
WDIdx2w7O9sysp0c+9kum+/R6/h4NQ5uEwOveu9ngBx0QG5qGJ1k09EF+b6dJpI2/HQsto25V3np
cbsNyEz79hrYOb12Wua2D7d/u5Vr09lkOyDKxUTFZnub78fEdAySl6X3U36SW0E7cqeJUND2Jf29
Tp/Bb5/jtF0uBjB+BqZe2+UiIWXqB2w/Z/p7bcYENrHYTtid2ph8DDS9kh1u54rXd2yK2eZz2yZi
bI6nbbvj1k6kn5du+7WpJ0HizlbQiW39drbHy7aOm97rVb7Teqd6kr6N0+fNJjGUfGyc2i+vdto2
EZTN+e+nP8zF/myYxmp+2mi3c8/vOMlm/GN7nLKZH5raGK85TTqvNs7m3Ao6R3Q6F736UMeHjDoF
6Hdbr/L9JhRsuA1CbCeYNhPo5EqT6wSASdDOJBcDuyCx+y3P1Dgk17kgnZxTA+NWlqm+2XZ8Tp8r
Fw2cidsg12lgaTMB9xJ0e6eJZC4GXjYNop8yksvxkwRwOt+86lz6e/xOZPPJb+ckmQdp6eeCTSLK
9tzJx2Stvky3+hQ0eWOqF1512GuZqfzkvspvbMVi+9nS/+2nLfHT7prisR0POb03uV65Tfi94rdt
67wmIbbjGL9svsOgk1a/30F6OaZz220wbYohfZxiG4PXBNa0rdt6pzbWphyvhJtteX7aYD/JBhtB
6oDtdl7fjddx83t8s+nHgs4Tsjn/bSbyJl7nje13ahqH++k73Npb27mK27a5rst+y0muo259mWnf
pjFQPnn1faZ+1KmM2IgRI670u+Og/L7fb4YpH3HkI4b0Rs8mNpuTxKthy1UHYMMUr58GtP792UxO
nZa5rc/3wL4QEwe3+uW2fa62yzU/50gh9p/t/or9eUzl57ptdpso5EI25RV78p6txvTZvepyehtk
2x75SXSll+83+Z1PNpPfsLRb2b4/m/fZ9OOFPK/T61yux4Z+1+Vjf9m+Pxfx+h0vForN5/bbFhX6
vMo1v2P+xjruzNWcz2sMlK/5bRCNsW3Jhahb5bPJKnqd6Ml//GTC0veXyysI/PxvXLYxuO3f6X+z
vdicGKZjnqv/KXeKJZlTJtQ2Bj9XFpgyfk5ZQNP361Tn8jWo8poE2LzHTXr98jrvbM/r9GPlJzlk
ep/tZ7a52sG03Iafuhh0f17tqFumOpvBQXK98mrP/bY7TuWkL3Nr+7ORTXk2/9PpJJftp1NiyIvf
ftTve/0w1eX0tsUmMZ/8XTjVe6e22c//6Hu1e7mQzT5ymZRwOhY2V/KkfyfJ623rkNN+/fQbXvEm
x2TzuWyXe62z+V9EUxle+8tlnQzaluRin06TXb9syyhkcqNe+vmRPi6wrRP1ghwvtzpT6ISJ3zG/
TT/sNm70O9704jRnctvWqQ7Uv9fUF5jGj6a2Mej8woZX22xb95xeO63zU77X/mzEhg8ffqVXRQlS
WWy4Db5N29mUk2/5GBDnc9DsdzBRiAG8W0NuU9f81Ndc8TOxD9q45iK2QgsySQvScfutx+nb2cSU
bdz5/B7S61TQZGU+vhs/77WVr8/mp75m2y/l+n22ZXlNlEx1yaZcr3W5Wp6NQrWFuWivs6k/fs7j
XPYtptiDts02+/O7jWnSETSGfPbdpmOWq0m6aaIWJKbksmy2Na3Pxfnot33Ox3efbT+QHGsxx2te
sq2HuTj/vMqv/zvbK9pNZaZv4+dz+Ol3/axL3y5oObk8F23riZ86n6t2JvnfGbeo+P1CCy2b+IJ2
WKZKle3JYLP/XFbWYjWq+W7osn1/Phvj9H3ZLnfaxqZxti3Xj0IM9IJOvJM71GwGx6YGu9gTdq/y
ggxgc5GYaMyTyGL3X7nYfz4nBX7en882xW8sttvlKvGWq34hm2No264FjTPf/USx+tVcvTfb+u/2
3QU599PjsYkvyKQ6HwkCp/LzHZ+fMbRbn5rLup3LtjWX37vT9kHawlxNVk3bBE3ceX2/2VzF6rXO
Rj4SF8l9iJ/j5vSd29TdfPRXXuef02tfv6KSXoDfCUHQQUPye/z8z6XbpeB+GoD0SxDrP7ufBtG0
zGnfXmXXb+Ml+XgX4nJck1xePpdeD/y+xxSX6btNrxtOdcV2cm1zybWf2NPLSL8MMNsMfPprm9t2
gnQ8kv2tSG63cbiVkR6vWzm2+3Rj09kEKcP2c7jxunzfRtDvOb0Mr+V+6l3y3/m65NopBrfvJWjb
mIvPEGSin96+5qJNCTrQTuY0zvBzTvjdv9NtBzbtvSkmt/rs1UfZ7sOJV/l+2yTbeG1usctlvXDa
hx9OY6bkz+Lnu7c9x23Ps+TtbOqWbf/qFpsfpv25nae28Zk+k00/4mcMHXTbbNuWbP9jxW1saToH
vcaq6du61WOvcrzmbn7rar7GmEHa2vS+INvkev3x8Zor+On3kucHTkxtu2leZNqX07jZrY9Mrhu2
fY/X+efU90STg09ekf7B0l/7nRAEPVFM5eZrAOi1Lv2zpx8rv5M0p4baZhLh9L3YDMJN620GMCZB
J01+EzTp+7IdrPuNzzRhTv/bVA+8zhtTHF6TYa+O0BS73wG4qYzk2Gw7dq9zxmuZG9tEj1PHkIsY
vCQfL6c4bNu/fCZbvDoLP7HZDpyczmO3sr3qoVdZTnG4vdd03jhNIrz279WGB61/XnXZZvBqM0EN
MmjzGph58Zs0sBV03GHqF90Gy259sNs5ZztuCNqO+R2XeG3jp054nbf57Dec2uLk/ZrOd78x56Iv
sf0ObNqgXPUV6eucxhVe/UAu2kE/ba/NmM90rmb7PdqOSXOxP6eJqKlcp8mfTQzZzrWyrZt+xvpO
r/1s57dvM43907exKb9+nVN5TuMnt+NjM49PL892bJarPsV2O7fP6BZz1BRMkMl/+k5tBpM25eSK
n7KcKo1XI+sn2eFWrtNEPsgkwa0SuTWSbtt77dcvt8bB6Zj7HRiZvqdskgCmCUCQhsJtH16czrPk
4xM0mRB0Im5TjluD5Xc/NtuZ2h4/x8fvJMLr8+VyoGMqw+vYO23vVZ5TWcmv3eqkU/mFYtMpO03e
vDrZ5L9N+3KaKKev8+JWl03r3cqo/67c+jqvfjC5DNv2LGib5Fam3/falm9q64NM2nORnDB9Jzb1
0pbNRCKb78IPp3oeJMlR//50XpPc5LptO0Fw2saPfE20bb4/t7F70ARLLsaNtsfE77lg23aa6kX6
+2z6F69649WOppdlO09x2odtW+VUTpDvxc88Kb3OOZ2HybHYjgOzmc+ltx1+x6he31v6dk7vc5sL
uY1Js/nek7f1k4jJRtB5tuctKrYnffp7/AzwnMqzqdhesZj24XUy+Omsg3Z0bhMIp8SD30rptV+n
AYNpuVfDm82kze/xtukw3Y6bbYdUvz/Tv7Md1ORi8GNq/N3OIbft3LY37dsrfpuOy6tMp/qbTWPp
tx5LqeeDbT33k7zKxeTATzuRPlkwfT6bgZ/TsbJJHuVqQuTWjmcz+LIZMNWzaU9sBi9+Ys6F+u/K
qb1Pjs2p/ieX4We/uViezb7St3EbOAfdv1d/EbQPsW0/nPr3fCYpbOpvkLFCtskst+NvSmLV/9up
fttM4oMmn4IkctxiS17uFXc+2qJsxll+yqjfzqYP85OEMZVl09/4rRPp+7GJKUgd84rdNgZTX2+b
SAo67jN9j159kN967Kc9ytU4xms/6a/9trM2494gfXj62DGXfXi2/VQkEnFOcHhVWKcduQ2ETP92
GwSYDpzToNOrcid/ITYDsiANqp+y/DS+6dwGY372m/7a7bvwc7xsTpYgJ6hTHH4m3n5jcmuYTWwm
7unl2saWPjH1U6ZbYsR2/zaTaL+D1+TjZapzThMqt33a7M/2tan9cNs++T023La1aYNt2bZBfjqP
IG1o+vflZ2DkFouf/bttV1/nbCY1tvzEZ3sOe63327766e9s9+3VHgSZ6Hrt28+6ZOltTT4HsLZ1
Phd9mak9C/qZnCbIpuPm9hn9tKE2Y5r67WwnZrn4nm3j8lqebdvup03w8z7J3/diu95mX9m2s0He
H2TS7VSG02Q8Ob5ctX315aWXYZoz+Z3LpS+3eX+QfsSmPTAlU2z5rQ+mz5LrMZ1T3bBl85n8nFPZ
9HNO33028zKv9tz2fDQmOJILd+tQvCq8zeDGrRE1ZYn8cOrMbRMETsvS2Qz6bPgZjCX/2zZp47W/
bDoW28Gy6Xu3mQC4lWmzndd3azvwsy0/Fx12kPL8DKhsBkd+kwdOia7kjj9I3Lb7NAk66PKqE051
ys/37ZYESJ5s28Rg+pw2EwxbXue4TTua/n25DSZs216vgY/bclOd9DMwtFmf7flvOzB1ayP81APT
4NhPWcnfqdfgNUiSJf29XmOIIP2qKT7b+uW1b9vJgG275ue9tsfY5nuvryduiTqb8ZdbnNkm3kz7
tvmebca3ueA2Cfbz/qD9qtN3F7RN85rs5HJibxOTbaIr/f2mdstPf2TaPnmZzbmd3id6HbvkumDa
V7Z1NhfjBrdltuXkar5ls68g22UzPvfaT74+o02b51aOKT6v+u5nXGWTBDO935jgyKZTSW8knIK0
qQSm9wbpyNK/PK+Bh9syv4NvrxiT/wRpQPxMWG3LCbKtbQU2TWTqvw+nCVr68iDHyea7dYvbab2f
SZXXZDR5nd+GM8gg3jahE7RupjdwfpIRttvYnofpnb4Nr+291gftlJKPk9PE33QupH9XQb83t7ic
JO/Lz7nmth+bNsVmguyWBDAdX5s4nMpPb69yMSCxjcOtvgWd6Jv2HTQR4bdN8+LVN/uZTHhNEN3O
pSCDr+T4bNenx2nbfwWpgzbncDbjFbf+MZvJhVtstt9hel/ldDxzOdlIj8NmQpu8zOn8dhtf2NR7
r+V+2xSnOpSPY2nan9M6m348aLLONh63fZmSJk79Ti4SGm51Ixef2bYe2Xxet/3YyKZfymafXp/Z
a/5rO1Z2m0+kj8/9ML3Xq49I/mxudcBU39O38VqWSCQUtXlDkAqQzWQ0fR9BOjy3Dsu03m9M2Qw2
TXH5+aymxizIZMY0OfL7PtNr0/L0QX96vOknic3JY+Kn8TXVF5vjaFN3bCbHpvfX799m8OoUf66k
T5hNcXglaGwa5Gw6zOTjbDNgS/9evPbtdVzTB6ROdSNovTStc2r86/fpt+31e/xt+gOnY+w0abPt
uNwGyF79lt+64catrOTy3L4Dr8/s93yxbbfyNZlw26+pHfHbxrktSy7P1N97xefnXPVz/HKZwAky
CHWKIds6EPT9Nt+NbT31+7mCjieD9vE2sdm0I6a+JXm79H87jYNNZducg7br/fSrppgKIUjb6TUZ
T//cprG5277rt/U79kxfbtvX2H53NuN6t3K8eNVT03KvCXnQ+azXulzXT1P8fhM2NjF5tbdu4ykn
TvXb633J7wmaPzD106Z2uH67qE2j6PRF2HQmbsH7mVBnu0+v/budGEFOCD8xOR17p/17dXRB4nQq
w2tyYto+fbKR3HDbVnCnAafbJNbUQdjWF5tJodvndzvJnGJzi8mpjnolV/wOuoJK/x7Tj4VNHTUd
8yD1OHlwYHv++P2+beqrW9LBaSLulaRwKic5pmwGlsnl5HJ72+/UT+cruSf4vPotv3HbbpfLQV36
cbNJ8mSz3jbBZNtn+onJpiyvdtVUnp8BrVusTt+V2/7znfzw6gvT+winmOqPazaJCrfyg5bpdX54
jcls2nM/CRSv4+vFz/nu533p2ziV6WesZCrDax9BJsHp5Xp9D37PZ7c+1u/4yKv9NfXJpnpsMzb1
O3/xWu7nHHH7TEEEnW8kv99rbGTbN/oZF9jONdNjNf3br+RzyvacyNdY3+389zp+Jn7rg9d4wSvG
erERI0Zc6blnAAAAAACARszzZ2IBAAAAAAAaOxIcAAAAAAAg9EhwAAAAAACA0CPBAQAAAAAAQo8E
BwAAAAAACD0SHAAAAAAAIPRIcAAAAAAAgNAjwQEAAAAAAEKPBAcAAAAAAAg9EhwAAAAAACD0SHAA
AAAAAIDQI8EBAAAAAABCjwQHAAAAAAAIPRIcAAAAAAAg9EhwAAAAAACA0CPBAQAAAAAAQo8EBwAA
AAAACD0SHAAAAAAAIPRIcAAAAAAAgNAjwQEAAAAAAEKPBAcAAAAAAAg9EhwAAAAAACD0SHAAAAAA
AIDQI8EBAAAAAABCjwQHAAAAAAAIPRIcAAAAAAAg9EhwAAAAAACA0CPBAQAAAAAAQo8EBwAAAAAA
CD0SHAAAAAAAIPRIcAAAAAAAgNAjwQEAAAAAAEKPBAcAAAAAAAg9EhwAAAAAACD0SHAAAAAAAIDQ
iyQSiUSxgwAAAAAAAMgGV3AAAAAAAIDQI8EBAAAAAABCjwQHAAAAAAAIPRIcAAAAAAAg9EhwAAAA
AACA0CPBAQAAAAAAQo8EBwAAAAAACD0SHAAAAAAAIPRIcAAAAAAAgNAjwQEAAAAAAEKPBAcAAAAA
AAg9EhwAAAAAACD0SHAAAAAAAIDQI8EBAAAAAABCjwQHAAAAAAAIPRIcAAAAAAAg9EhwAAAAAACA
0CPBAQAAAAAAQo8EBwAAAAAACD0SHAAAAAAAIPRIcAAAAAAAgNAjwQEAAAAAAEKPBAcAAAAAAAg9
EhwAAAAAACD0SHAAAAAAAIDQI8EBAAAAAABCjwQHAAAAAAAIPRIcAAAAAAAg9EhwAAAAAACA0CPB
AQAAAAAAQo8EBwAAAAAACD0SHAAAAAAAIPRIcAAAAAAAgNAjwQEAAAAAAEKPBAcAAAAAAAg9EhwA
AAAAACD0SHAAAAAAAIDQI8EBAAAAAABCjwQHAAAAAAAIPRIcAAAAAAAg9EhwAAAAAACA0CPBAQAA
AAAAQo8EBwAAAAAACD0SHAAAAAAAIPRIcAAAAAAAgNAjwQEAAAAAAEKPBAcAAAAAAAg9EhwAAAAA
ACD0SHAAAAAAAIDQI8EBAAAAAABCjwQHAAAAAAAIPRIcAAAAAAAg9EhwAAAAAACA0CPBAQAAAAAA
Qo8Eh0+33nqbbrrp5mKHAQAAAAAAkpQUO4AwufXW23TbbRMlSVVVVbr88j8UOSIAAAAAACBJkUQi
kSh2EGGQnNyod9ZZZ+qaa64uUkQAAAAAAKAet6hYMCU3JOmBBx7UjTf+uQgRAZnWrl2r8vLyYocB
AAAAAEXBLSoenJIbklRWVqaxY48tcEQohjlz3jcub9myhfr165d1+R9//LE2bao0rttrr/4qLS11
fO+UKf/TxIkTtWTJUsXjcXXv3k0/+9nPdOaZZ2QdFwAAAACEBbeouPBKbkye/F/tvvvuBY4KxdCr
V2/j8l122UWvvPJS1uWPHn24PvnkE+O6GTPeVs+ePYzrZs+erZNPPlVVVVUpy2OxmO6666866qgj
s44NAAAAAMKAW1QckNxAGPz3v49lJDckqa6uTv/973+LEBEAAAAAFAe3qBiQ3EBYrFq1ynFdebnz
umKZPXu2TBeNderUSX379i1CRAAAAAC2FSQ40rglN9q2bUtyA41Knz59HNf17r1D4QKxNH78BMXj
8Yzlxx8/ThMn3laEiAAAAABsK7hFJYlXcuPRR/9DcgONyk9/+hN16dIlY3nbtm11/vnnFyEiAAAA
ACgOruDYwia5sdde/QscFeCua9euevzxx3Trrbfp008/U11dnXbccUf98pcXqH//PYsdHgAAAAAU
DAkOkdxAuPXp00d33HF7scMAAAAAgKJq8reokNwAAAAAACD8mnSCwy250bp1a5IbAAAAAACERJO9
RcUrufHvfz9CcgON3oYNG/Ttt98a13Xu3Flt27b1Xeabb76lWbNmaeXKlVq3rkI1NTVq27aN2rZt
q1133VUjRgx3/fWWel999bWqq6us9lldXaPFixenLGvVqpW6du1qHfeSJUs0ffprWrx4scrLV6m6
ulrNmpWqXbt26tmzp/bbbz/tu+8g6/KSrVixQhs3bsxY3qZNm5SHvC5atFhPPfWUvvrqa1VUrFNZ
WZkOPvhgDRw4wPh+SerQoYM6dOhgHcvKlSu1fv36nJQFAAAAbEuaZILDJrkxYMCAAkcF+Pfcc8/r
oosuNq679tprdOaZZ1iV89lnn2nSpPv13HPPa/Xq1a7bRiIR9evXT2PHHqszzjhdrVu3Nm532mmn
adGixcZ16aZOnaqpU6emLBs2bJj++9//eL73gQce1GOPTdb8+fONP0GbrFevnjr88MP1s5+dZ/z1
GScXXXSx3nzzrYzlI0eO1MMPP6hVq1bpsst+r5deelk1NTUp23z33Xd6/fXX9cgj/zKWfeSRR+jv
f7/HOpYzzzxL8+cvMK67++67dMwxR1uXBQAAAGxLmtwtKiQ3gFT33nuvxo4dp0ce+ZdnckOSEomE
PvroI11//Q065pgfGif+hTB79myNGXOE/vjHP+nDDz/0TG5I0rJlX+kf/7hPo0cfroceejjrGDZt
2qRFixbruOOO13PPPZ+R3JCkaDSqceOOU5eLxWEAACAASURBVCQSMZYxa9Zs6/0tW7ZMH3/8iXFd
ly5dSG4AAACgSWtSCQ6SG0CqK6+8Sldffa0qKioCvf/zzxfq7LPP0ZQp/8txZO6efHKKzjzzLC1Y
8FGg969evVqXX/5HXX75H7OKY+PGjbr44ov1xRdfuGwV0ZAhQ7Tzzjsb15aXl+uFF16w2t/UqU+r
[...]
EzgAAACAPIEDAAAAyBM4AAAAgDyBAwAAAMgTOAAAAIA8gQMAAADIEzgAAACAPIEDAAAAyBM4AAAA
gDyBAwAAAMgTOAAAAIA8gQMAAADIEzgAAACAPIEDAAAAyBM4AAAAgDyBAwAAAMgTOAAAAIA8gQMA
AADIEzgAAACAPIEDAAAAyBM4AAAAgDyBAwAAAMgTOAAAAIA8gQMAAADIEzgAAACAPIEDAAAAyBM4
AAAAgDyBAwAAAMgTOAAAAIA8gQMAAADIEzgAAACAPIEDAAAAyBM4AAAAgDyBAwAAAMgTOAAAAIA8
gQMAAADIEzgAAACAPIEDAAAAyBM4AAAAgDyBAwAAAMgTOAAAAIA8gQMAAADIEzgAAACAPIEDAAAA
yBM4AAAAgDyBAwAAAMgTOAAAAIA8gQMAAADIEzgAAACAPIEDAAAAyBM4AAAAgDyBAwAAAMgTOAAA
AIA8gQMAAADIEzgAAACAPIEDAAAAyBM4AAAAgDyBAwAAAMgTOAAAAIA8gQMAAADIEzgAAACAPIED
AAAAyBM4AAAAgDyBAwAAAMgTOAAAAIA8gQMAAADIEzgAAACAPIEDAAAAyBM4AAAAgDyBAwAAAMgT
OAAAAIA8gQMAAADIEzgAAACAPIEDAAAAyBM4AAAAgDyBAwAAAMgTOAAAAIA8gQMAAADIEzgAAACA
PIEDAAAAyBM4AAAAgDyBAwAAAMgTOAAAAIA8gQMAAADIEzgAAACAPIEDAAAAyBM4AAAAgDyBAwAA
AMgTOAAAAIA8gQMAAADIEzgAAACAPIEDAAAAyBM4AAAAgDyBAwAAAMgTOAAAAIA8gQMAAADIEzgA
AACAPIEDAAAAyBM4AAAAgDyBAwAAAMgTOAAAAIA8gQMAAADIEzgAAACAPIEDAAAAyBM4AAAAgDyB
AwAAAMgTOAAAAIA8gQMAAADIEzgAAACAPIEDAAAAyBM4AAAAgDyBAwAAAMgTOAAAAIA8gQMAAADI
EzgAAACAPIEDAAAAyBM4AAAAgDyBAwAAAMgTOAAAAIA8gQMAAADIEzgAAACAPIEDAAAAyBM4AAAA
gDyBAwAAAMgTOAAAAIA8gQMAAADIEzgAAACAPIEDAAAAyBM4AAAAgDyBAwAAAMgTOAAAAIA8gQMA
AADIEzgAAACAPIEDAAAAyBM4AAAAgDyBAwAAAMgTOAAAAIA8gQMAAADIEzgAAACAPIEDAAAAyBM4
AAAAgDyBAwAAAMgTOAAAAIA8gQMAAADIEzgAAACAPIEDAAAAyBM4AAAAgDyBAwAAAMgTOAAAAIA8
gQMAAADIEzgAAACAPIEDAAAAyBM4AAAAgDyBAwAAAMgTOAAAAIA8gQMAAADIEzgAAACAPIEDAAAA
yBM4AAAAgDyBAwAAAMgTOAAAAIA8gQMAAADIEzgAAACAPIEDAAAAyBM4AAAAgDyBAwAAAMgTOAAA
AIA8gQMAAADIEzgAAACAPIEDAAAAyBM4AAAAgDyBAwAAAMgTOAAAAIA8gQMAAADIEzgAAACAPIED
AAAAyBM4AAAAgDyBAwAAAMgTOAAAAIA8gQMAAADIEzgAAACAPIEDAAAAyBM4AAAAgDyBAwAAAMgT
OAAAAIA8gQMAAADIEzgAAACAPIEDAAAAyBM4AAAAgDyBAwAAAMgTOAAAAIA8gQMAAADIEzgAAACA
PIEDAAAAyBM4AAAAgDyBAwAAAMgTOAAAAIA8gQMAAADIEzgAAACAPIEDAAAAyBM4AAAAgDyBAwAA
AMgTOAAAAIA8gQMAAADIEzgAAACAPIEDAAAAyBM4AAAAgDyBAwAAAMgTOAAAAIA8gQMAAADIEzgA
AACAPIEDAAAAyBM4AAAAgDyBAwAAAMgTOAAAAIA8gQMAAADIEzgAAACAPIEDAAAAyBM4AAAAgDyB
AwAAAMgTOAAAAIA8gQMAAADIEzgAAACAPIEDAAAAyBM4AAAAgDyBAwAAAMgTOAAAAIA8gQMAAADI
EzgAAACAPIEDAAAAyBM4AAAAgDyBAwAAAMgTOAAAAIA8gQMAAADIEzgAAACAPIEDAAAAyBM4AAAA
gDyBAwAAAMgTOAAAAIA8gQMAAADIEzgAAACAPIEDAAAAyBM4AAAAgDyBAwAAAMgTOAAAAIA8gQMA
AADIEzgAAACAPIEDAAAAyBM4AAAAgDyBAwAAAMgTOAAAAIA8gQMAAADIEzgAAACAPIEDAAAAyBM4
AAAAgDyBAwAAAMgTOAAAAIA8gQMAAADIEzgAAACAPIEDAAAAyBM4AAAAgDyBAwAAAMgTOAAAAIA8
gQMAAADIEzgAAACAPIEDAAAAyBM4AAAAgDyBAwAAAMgTOAAAAIA8gQMAAADIEzgAAACAPIEDAAAA
yBM4AAAAgDyBAwAAAMgTOAAAAIA8gQMAAADIEzgAAACAPIEDAAAAyBM4AAAAgDyBAwAAAMgTOAAA
AIA8gQMAAADIEzgAAACAPIEDAAAAyBM4AAAAgDyBAwAAAMgTOAAAAIA8gQMAAADIEzgAAACAPIED
AAAAyBM4AAAAgDyBAwAAAMgTOAAAAIA8gQMAAADIEzgAAACAPIEDAAAAyBM4AAAAgDyBAwAAAMgT
OAAAAIA8gQMAAADIEzgAAACAPIEDAAAAyBM4AAAAgDyBAwAAAMgTOAAAAIA8gQMAAADIEzgAAACA
PIEDAAAAyBM4AAAAgDyBAwAAAMgTOAAAAIA8gQMAAADIEzgAAACAPIEDAAAAyBM4AAAAgDyBAwAA
AMgTOAAAAIA8gQMAAADIEzgAAACAPIEDAAAAyBM4AAAAgDyBAwAAAMgTOAAAAIA8gQMAAADIEzgA
AACAPIEDAAAAyBM4AAAAgDyBAwAAAMgTOAAAAIA8gQMAAADIEzgAAACAPIEDAAAAyBM4AAAAgDyB
AwAAAMgTOAAAAIA8gQMAAADIEzgAAACAPIEDAAAAyBM4AAAAgDyBAwAAAMgTOAAAAIA8gQMAAADI
EzgAAACAPIEDAAAAyBM4AAAAgDyBAwAAAMgTOAAAAIA8gQMAAADIEzgAAACAPIEDAAAAyBM4AAAA
gDyBAwAAAMgTOAAAAIA8gQMAAADIEzgAAACAPIEDAAAAyBM4AAAAgDyBAwAAAMgTOAAAAIA8gQMA
AADIEzgAAACAPIEDAAAAyBM4AAAAgDyBAwAAAMgTOAAAAIA8gQMAAADIEzgAAACAPIEDAAAAyBM4
AAAAgDyBAwAAAMgTOAAAAIA8gQMAAADIEzgAAACAPIEDAAAAyBM4AAAAgDyBAwAAAMgTOAAAAIA8
gQMAAADIEzgAAACAPIEDAAAAyBM4AAAAgDyBAwAAAMgTOAAAAIA8gQMAAADIEzgAAACAPIEDAAAA
yBM4AAAAgDyBAwAAAMgTOAAAAIA8gQMAAADIEzgAAP6PvfsLsfS+7zv+fZ4zs6tdKbYVyY6USEok
20op6+xGuJKbxBHFpAm0VGq7WBdxXHBpCr0ppbQ3MU1o3WB6UVwKLqEhlP65MegmdQMFE1wSYle1
HfkPCdSO7diRla7WsvUn2t3Zmefpxcw5c/7uzM6e2TmfmddLnD0z5zzneX47N8u89fv9HgAgnsAB
AAAAxBM4AAAAgHgCBwAAABBP4AAAAADiCRwAAABAPIEDAAAAiCdwAAAAAPEEDgAAACCewAEAAADE
EzgAAACAeAIHAAAAEE/gAAAAAOIJHAAAAEA8gQMAAACIJ3AAAAAA8QQOAAAAIJ7AAQAAAMQTOAAA
AIB4AgcAAAAQT+AAAAAA4gkcAAAAQDyBAwAAAIgncAAAAADxBA4AAAAgnsABAAAAxBM4AAAAgHgC
BwAAABBP4AAAAADiCRwAAABAPIEDAAAAiCdwAAAAAPEEDgAAACCewAEAAADEEzgAAACAeAIHAAAA
EE/gAAAAAOIJHAAAAEA8gQMAAACIJ3AAAAAA8QQOAAAAIJ7AAQAAAMQTOAAAAIB4AgcAAAAQT+AA
AAAA4gkcAAAAQDyBAwAAAIgncAAAAADxBA4AAAAgnsABAAAAxBM4AAAAgHgCBwAAABBP4AAAAADi
CRwAAABAPIEDAAAAiCdwAAAAAPEEDgAAACCewAEAAADEEzgAAACAeAIHAAAAEE/gAAAAAOIJHAAA
AEA8gQMAAACIJ3AAAAAA8QQOAAAAIJ7AAQAAAMQTOAAAAIB4AgcAAAAQT+AAAAAA4gkcAAAAQDyB
AwAAAIgncAAAAADxBA4AAAAgnsABAAAAxBM4AAAAgHgCBwAAABBP4AAAAADiCRwAAABAPIEDAAAA
iCdwAAAAAPEEDgAAACCewAEAAADEEzgAAACAeAIHAAAAEE/gAAAAAOIJHAAAAEA8gQMAAACIJ3AA
AAAA8QQOAAAAIJ7AAQAAAMQTOAAAAIB4AgcAAAAQT+AAAAAA4gkcAAAAQDyBAwAAAIgncAAAAADx
BA4AAAAgnsABAAAAxBM4AAAAgHgCBwAAABBP4AAAAADiCRwAAABAPIEDAAAAiCdwAAAAAPEEDgAA
ACCewAEAAADEEzgAAACAeAIHAAAAEE/gAAAAAOIJHAAAAEA8gQMAAACIJ3AAAAAA8QQOAAAAIJ7A
AQAAAMQTOAAAAIB4AgcAAAAQT+AAAAAA4gkcAAAAQDyBAwAAAIgncAAAAADxBA4AAAAgnsABAAAA
xBM4AAAAgHgCBwAAABBP4AAAAADiCRwAAABAPIEDAAAAiCdwAAAAAPEEDgAAACCewAEAAADEEzgA
AACAeAIHAAAAEE/gAAAAAOIJHAAAAEA8gQMAAACIJ3AAAAAA8QQOAAAAIJ7AAQAAAMQTOAAAAIB4
AgcAAAAQT+AAAAAA4gkcAAAAQDyBAwAAAIgncAAAAADxBA4AAAAgnsABAAAAxBM4AAAAgHgCBwAA
ABBP4AAAAADiCRwAAABAPIEDAAAAiCdwAAAAAPEEDgAAACCewAEAAADEEzgAAACAeAIHAAAAEE/g
AAAAAOIJHAAAAEA8gQMAAACIJ3AAAAAA8QQOAAAAIJ7AAQAAAMQTOAAAAIB4AgcAAAAQT+AAAAAA
4gkcAAAAQDyBAwAAAIgncAAAAADxBA4AAAAgnsABAAAAxBM4AAAAgHgCBwAAABBP4AAAAADiCRwA
AABAPIEDAAAAiCdwAAAAAPEEDgAAACCewAEAAADEEzgAAACAeAIHAAAAEE/gAAAAAOIJHAAAAEA8
gQMAAACIJ3AAAAAA8QQOAAAAIJ7AAQAAAMQTOAAAAIB4AgcAAAAQT+AAAAAA4gkcAAAAQDyBAwAA
AIgncAAAAADxBA4AAAAgnsABAAAAxBM4AAAAgHgCBwAAABBP4AAAAADiCRwAAABAPIEDAAAAiCdw
AAAAAPEEDgAAACCewAEAAADEEzgAAACAeAIHAAAAEE/gAAAAAOIJHAAAAEA8gQMAAACIJ3AAAAAA
8QQOAAAAIJ7AAQAAAMQTOAAAAIB4AgcAAAAQT+AAAAAA4gkcAAAAQDyBAwAAAIgncAAAAADxBA4A
AAAgnsABAAAAxBM4AAAAgHgCBwAAABBP4AAAAADiCRwAAABAPIEDAAAAiCdwAAAAAPEEDgAAACCe
wAEAAADEEzgAAACAeAIHAAAAEE/gAAAAAOIJHAAAAEA8gQMAAACIJ3AAAAAA8QQOAAAAIJ7AAQAA
AMQTOAAAAIB4AgcAAAAQT+AAAAAA4gkcAAAAQDyBAwAAAIgncAAAAADxBA4AAAAgnsABAAAAxBM4
AAAAgHgCBwAAABBP4AAAAADiCRwAAABAPIEDAAAAiCdwAAAAAPEEDgAAACCewAEAAADEEzgAAACA
eAIHAAAAEE/gAAAAAOIJHAAAAEA8gQMAAACIJ3AAAAAA8QQOAAAAIJ7AAQAAAMQTOAAAAIB4AgcA
AAAQT+AAAAAA4gkcAAAAQDyBAwAAAIgncAAAAADxBA4AAAAgnsABAAAAxBM4AAAAgHgCBwAAABBP
4AAAAADiCRwAAABAPIEDAAAAiCdwAAAAAPEEDgAAACCewAEAAADEEzgAAACAeAIHAAAAEE/gAAAA
AOIJHAAAAEA8gQMAAACIJ3AAAAAA8QQOAAAAIJ7AAQAAAMQTOAAAAIB4AgcAAAAQT+AAAAAA4gkc
AAAAQDyBAwAAAIgncAAAAADxBA4AAAAgnsABAAAAxBM4AAAAgHgCBwAAABBP4AAAAADiCRwAAABA
PIEDAAAAiCdwAAAAAPEEDgAAACCewAEAAADEEzgAAACAeAIHAAAAEE/gAAAAAOIJHAAAAEA8gQMA
AACIJ3AAAAAA8QQOAAAAIJ7AAQAAAMQTOAAAAIB4AgcAAAAQT+AAAAAA4gkcAAAAQDyBAwAAAIgn
cAAAAADxBA4AAAAgnsABAAAAxBM4AAAAgHgCBwAAABBP4AAAAADiCRwAAABAPIEDAAAAiCdwAAAA
APEEDgAAACCewAEAAADEEzgAAACAeAIHAAAAEE/gAAAAAOIJHAAAAEA8gQMAAACIJ3AAAAAA8QQO
AAAAIJ7AAQAAAMQTOAAAAIB4AgcAAAAQT+AAAAAA4gkcAAAAQDyBAwAAAIgncAAAAADxBA4AAAAg
nsABAAAAxBM4AAAAgHgCBwAAABBP4AAAAADiCRwAAABAPIEDAAAAiCdwAAAAAPEEDgAAACCewAEA
AADEEzgAAACAeAIHAAAAEE/gAAAAAOIJHAAAAEA8gQMAAACIJ3AAAAAA8QQOAAAAIJ7AAQAAAMQT
OAAAAIB4AgcAAAAQT+AAAAAA4gkcAAAAQDyBAwAAAIgncAAAAADxBA4AAAAgnsABAAAAxBM4AAAA
gHgCBwAAABBP4AAAAADiCRwAAABAPIEDAAAAiCdwAAAAAPEEDgAAACCewAEAAADEEzgAAACAeAIH
AAAAEE/gAAAAAOIJHAAAAEA8gQMAAACIJ3AAAAAA8QQOAAAAIJ7AAQAAAMQTOAAAAIB4AgcAAAAQ
T+AAAAAA4gkcAAAAQDyBAwAAAIgncAAAAADxBA4AAAAgnsABAAAAxBM4AAAAgHgCBwAAABBP4AAA
AADiCRwAAABAPIEDAAAAiCdwAAAAAPEEDgAAACCewAEAAADEEzgAAACAeAIHAAAAEE/gAAAAAOIJ
HAAAAEA8gQMAAACIJ3AAAAAA8QQOAAAAIJ7AAQAAAMQTOAAAAIB4AgcAAAAQT+AAAAAA4gkcAAAA
QDyBAwAAAIgncAAAAADxBA4AAAAgnsABAAAAxBM4AAAAgHgCBwAAABBP4AAAAADiCRwAAABAPIED
AAAAiCdwAAAAAPEEDgAAACCewAEAAADEEzgAAACAeAIHAAAAEE/gAAAAAOIJHAAAAEA8gQMAAACI
J3AAAAAA8QQOAAAAIJ7AAQAAAMQTOAAAAIB4AgcAAAAQT+AAAAAA4gkcAAAAQDyBAwAAAIgncAAA
AADxBA4AAAAgnsABAAAAxBM4AAAAgHgCBwAAABBP4AAAAADiCRwAAABAPIEDAAAAiCdwAAAAAPEE
DgAAACCewAEAAADEEzgAAACAeAIHAAAAEE/gAAAAAOIJHAAAAEA8gQMAAACIJ3AAAAAA8QQOAAAA
IJ7AAQAAAMQTOAAAAIB4AgcAAAAQT+AAAAAA4gkcAAAAQDyBAwAAAIgncAAAAADxBA4AAAAgnsAB
AAAAxBM4AAAAgHgCBwAAABBP4AAAAADiCRwAAABAPIEDAAAAiCdwAAAAAPEEDgAAACCewAEAAADE
EzgAAACAeAIHAAAAEE/gAAAAAOIJHAAAAEA8gQMAAACIJ3AAAAAA8QQOAAAAIJ7AAQAAAMQTOAAA
AIB4AgcAAAAQT+AAAAAA4gkcAAAAQDyBAwAAAIgncAAAAADxBA4AAAAgnsABAAAAxBM4AAAAgHgC
BwAAABBP4AAAAADiCRwAAABAPIEDAAAAiCdwAAAAAPEEDgAAACCewAEAAADEEzgAAACAeAIHAAAA
EE/gAAAAAOIJHAAAAEA8gQMAAACIJ3AAAAAA8QQOAAAAIJ7AAQAAAMQTOAAAAIB4AgcAAAAQT+AA
AAAA4gkcAAAAQDyBAwAAAIgncAAAAADxBA4AAAAgnsABAAAAxBM4AAAAgHgCBwAAABBP4AAAAADi
CRwAAABAPIEDAAAAiCdwAAAAAPEEDgAAACCewAEAAADEEzgAAACAeAIHAAAAEE/gAAAAAOIJHAAA
AEA8gQMAAACIJ3AAAAAA8QQOAAAAIJ7AAQAAAMQTOAAAAIB4AgcAAAAQT+AAAAAA4gkcAAAAQDyB
AwAAAIgncAAAAADxBA4AAAAgnsABAAAAxBM4AAAAgHgCBwAAABBP4AAAAADiCRwAAABAPIEDAAAA
iCdwAAAAAPEEDgAAACCewAEAAADEEzgAAACAeAIHAAAAEE/gAAAAAOIJHAAAAEA8gQMAAACIJ3AA
AAAA8QQOAAAAIJ7AAQAAAMQTOAAAAIB4AgcAAAAQT+AAAAAA4gkcAAAAQDyBAwAAAIgncAAAAADx
BA4AAAAgnsABAAAAxBM4AAAAgHgCBwAAABBP4AAAAADiCRwAAABAPIEDAAAAiCdwAAAAAPEEDgAA
ACCewAEAAADEEzgAAACAeAIHAAAAEE/gAAAAAOIJHAAAAEA8gQMAAACIJ3AAAAAA8QQOAAAAIJ7A
AQAAAMQTOAAAAIB4AgcAAAAQT+AAAAAA4gkcAAAAQDyBAwAAAIgncAAAAADxBA4AAAAgnsABAAAA
xBM4AAAAgHgCBwAAABBP4AAAAADiCRwAAABAPIEDAAAAiCdwAAAAAPEEDgAAACCewAEAAADEEzgA
AACAeAIHAAAAEE/gAAAAAOIJHAAAAEA8gQMAAACIJ3AAAAAA8QQOAAAAIJ7AAQAAAMQTOAAAAIB4
AgcAAAAQT+AAAAAA4gkcAAAAQDyBAwAAAIgncAAAAADxBA4AAAAgnsABAAAAxBM4AAAAgHgCBwAA
ABBP4AAAAADiCRwAAABAPIEDAAAAiCdwAAAAAPEEDgAAACCewAEAAADEEzgAAACAeAIHAAAAEE/g
AAAAAOIJHAAAAEA8gQMAAACIJ3AAAAAA8QQOAAAAIJ7AAQAAAMQTOAAAAIB4AgcAAAAQT+AAAAAA
4gkcAAAAQDyBAwAAAIgncAAAAADxBA4AAAAgnsABAAAAxBM4AAAAgHgCBwAAABBP4AAAAADiCRwA
AABAPIEDAAAAiCdwAAAAAPEEDgAAACCewAEAAADEEzgAAACAeAIHAAAAEE/gAAAAAOIJHAAAAEA8
gQMAAACIJ3AAAAAA8QQOAAAAIJ7AAQAAAMQTOAAAAIB4AgcAAAAQT+AAAAAA4gkcAAAAQDyBAwAA
AIgncAAAAADxBA4AAAAgnsABAAAAxBM4AAAAgHgCBwAAABBP4AAAAADiCRwAAABAPIEDAAAAiCdw
AAAAAPEEDgAAACCewAEAAADEEzgAAACAeAIHAAAAEE/gAAAAAOKtHfYF+r4/7EsAAAAAK65pmkM9
/+EEjr6vfvRlP/EMAAAAnBzTYaPZfnHp11l64BgPGsPH+PcAAADAydA0zShwjL5umqq+X/qMjuUG
jp2A0XXdROAQNwAAAOBkGoaN8UfbttsNYYmRY6mBo6+dmRpdV1tdV13X1WvXm/rEV9fq+ZfX64sv
He56GwAAAGB1nH9rXz95z/W6+PbNetOpvtq2rUHbVr8zk2OZlaC5/P1XljK1YjhLo9sJG1tbW/XZ
y2fqX/3vtl7bWMYVAAAAgERvOlX1K4939VffeqUGg0G1bVtt204sYblVt3Sb2HnLUPp+O3C88HpT
v/oZcQMAAABOulc3qn7ts2298Hqzs63F8re2OFDgmHfh3QFt78Hxm3+8Xlc2b2lsAAAAwDFxZbPq
t/54fSdw3LgtHMRNB47FYaMfLU3puq6+9srh3IEWAAAAyPTN19cm2sGi2RsHiRw3VSHGLzB++9fh
8zByXN2s+vbrNhQFAAAAdv3Z6011XV9N01XbtnPjxnBPjv4mbyW77xkcC+PG+HqZnfqy3mxV566w
AAAAwJgrm7W7/8bYDI4aCx3z+sN+7CtwLIobfd/v3hq276sbu4sKAAAAwLRhN+jGJ0zU5P4bB4kc
N7cHx9TMjeHX0/twCBwAAADAPMNuMPcOKlNf34w9A8dENRl/vabixsQABQ4AAABg1nCJStd1E8tU
hjM5RsdNfGbv2LH/TUYXzNgYX56yGzpswAEAAADM6rq+2qYbtYRmQbxomma7Rexzo9Ebz+BYMHtj
+pjxDUGG+3AAAAAATBvff2O8Kcwz8eoeszhuGDimPzpx0emNQGpydgcAAADAtOklKaOlKXOaw8Tn
9jjvzd9FZfziY+/N3YxOVk0AABdHSURBVBwEAAAAYMzCzUVrtjkMj9+PxYFjHyeYjhvD2iJwAAAA
AHP1OyljzkyO/X12voWBYz/LUyZeH6stN3srFwAAAOBk6KvfzghVMxMlFrWH3c8utvcSlf0sTxl/
r++r33NlDAAAAHASzezBMfZ61fxlKvuZSLFn4LjR3VNmBjZ67HldAAAA4ATanqQx2xJGb877zD7O
u69NRheefObC9uAAAAAAFttdhtJPv3FL60EOFjjGpo2Mvt9ZQCNtAAAAADfSD/8Y23NjojEcwIFn
cEwNCwAAAOCAbr0tLCFwAAAAABwtgQMAAACIJ3AAAAAA8QQOAAAAIJ7AAQAAAMQTOAAAAIB4AgcA
AAAQT+AAAAAA4gkcAAAAQDyBAwAAAIgncAAAAADxBA4AAAAgnsABAAAAxBM4AAAAgHgCBwAAABBv
7agHAADH2WM/NKh/+bOnb3jM1a2+Xr1adflKV3/4/7r6n9/YrJev9Eu9xn5c+ou+PvQ7V2543ucv
bdWH/9e1A19j2WP9ibe19etP3nHL55v28tW+Pvjfb/yzOIjpnzEAsDwCBwAcortOVf3le/c7YXJQ
F/9S1a/+zOn6vW9v1r/73EZ95aVuyddY7C13TEaVeef9/tX9h5d5lj3WO9ebpZxv2qU39v5ZHMT0
zxgAWB5LVABgxZwaVL3vx9bq2b99tn7lp2591gAAwEkgcADAilofVP398+v1G79wR51db456OAAA
K80SFQC4zT7/51v1b5/bGH1/13pTP3RXUxfeNqifemBQ9905GTN+7uG1+tdPVv2TT1098DX249rm
TR2+NLcy1j+63NUv/vaN97T4R4+dqp9+YDDx2r/57EZ98dLW4vMvfmsk6WcMACeBwAEAt9m1zarP
vDD7G/R/rev1A6ea+mdPnKpfPLde45njb71zrb780nr91hev39I1VtGtjPWVa/2en/1775rd9+I7
r3e3/PNJ+hkDwElgiQoArJDXNvr6F793rf795yZnBjRV9Q8vnLJUBQBgAYEDAFbQx/7PRj33ncnZ
AW8929Q/OL9+RCMCAFhtAgcArKjfnLMc5a8/YnUpAMA8AgcArKhPfXOzvv1qN/HaO97S1g+esUwF
AGCawAEAK+yr35sMHOuDqr/20GDB0QAAJ5d5rgCwwr75yuwdQO67a+//P3Hnqaqff3j//8z/7p9u
1vVu7+MOQ9JYx6WOGwCOK4EDAFbYaxuzgePu03svUTn/tkH9h1/Y/0yPx//TX9TlK7PXuh2Sxjou
ddwAcFxZogIAK+yN67O/EN916ggGAgCw4gQOAFhh/Zz/4d/YYxQAYIYlKgCwwk6vzdaMN2bvHjvj
0ht9/dHl/W/4cG3rZka1XEljHZc6bgA4rgQOAFhhb5mz38Yr1/bex+FrL3f1of9x5TCGtHRJYx2X
Om4AOK4sUQGAFfbDd80GjpdtVAkAMEPgAIAV9ugPTv5T3VfVZ79jrQMAwDSBAwBW1F+5f1CP3D35
T/WfvdrV/315//s+AACcFAIHAKyoD/3Eek0vUDF7AwBgPoEDAFbQ04+u1c89PLkX+NXNqt/4w33c
QgUA4AQSOABgxfydH1+rj/zs6Wqnpm/89lev19e/b3kKAMA8bhMLACvgB0419fOPrNXffMdavffB
wczSlK+81NWv/f61IxkbAEACgQMAbrOfvG9Qf/BLd46+v2N9O3AMZu8IW1VV33q1q3/6u1fr6ubB
r7Ef17u+nvxvbyz9vL/+mWv1ya8tHvxhjfWwpY4bAI4rgQMAbrMza1Vn7lpQM6Z87sWt+sefulov
vt4f2jWGNru9jz/Iec+s3fj4wxrrYUsdNwAcVwIHAKygF17r6z9/ZaP+4/M2FQUA2A+BAwCO2JXN
qtc3+vre1b6+8lJXf/DCZv3On2ze1JIUAICTrrn8/Vfmznnt+37mefTouur6vrquq77vqtvqamtr
qzY3N2vj+vXa3Nysv/v7P3bb/hIAAABAhmd/5pu1trZWp9bXa21trQaDQbWDtpqmrbZtq22aatq2
mqYZPapq5nma28QCAAAA8QQOAAAAIJ7AAQAAAMQTOAAAAIB4AgcAAAAQT+AAAAAA4gkcAAAAQDyB
AwAAAIgncAAAAADxBA4AAAAgnsABAAAAxBM4AAAAgHgCBwAAABBP4AAAAADiCRwAAABAPIEDAAAA
iCdwAAAAAPEEDgAAACCewAEAAADEEzgAAACAeAIHAAAAEE/gAAAAAOIJHAAAAEA8gQMAAACIJ3AA
AAAA8QQOAAAAIJ7AAQAAAMRbeuBomqaqqn7k7OayTw0AAAAEe/RNG1W12w6WabmBo2mqaZpqmqof
PXN1qacGAAAAsv3omSvVNDuBY8mR41CWqDTV1MUHvlen2/4wTg8AAACEOd329Tfuf7WaWv7sjaol
Bo5mNHtj+/Hg2Y365Xe+vKzTAwAAAMF++Z0v14+c2ZjpB8uytrQz7Rgf5E+/5bv10LlX6r986231
nat31OWNpV8OAAAAWFH3ntqsH77jav3SQ5fqwTs3q2nWlh42hpZaHJqq0VqadjCoQd/XA2c365+/
41u1tbVVXddV13XV9311fVd9X7X9BwAAABBtZ0/Otmm3u0DbVtu2NRgMarC2VoN2UO1gMNq7c9mJ
Y7lTKnYKTNO21XZddW1bbd9VDQY1njG6vqu2a6uvfumbigAAAABHo2maatqm2mY7brSDQQ0Gg2rb
ZrsVNNvPOwcv9drLX6Kys13IsNb0XVt9W9uho2+rmqqma6pr+qq+r94MDgAAAIg3vDNKOxE5hmFj
O3g0zU4zOISNRg9nU4yx28U2Y1NUqq2qrqpru2q7qr4O5963AAAAwO03M4OjaSfawGHcHnbo0Hf9
3K4zkzukNv3kYhtzOAAAACDX8Ff8uQ2gDmdT0WlLu00sAAAAwFEROAAAAIB4AgcAAAAQbwmBY+rm
tRPrapqJp/nHAAAAAMfG9O/8zcwXk8c0U+8d0MECx85Adi+/vQtqs/vd7vfjG4qMNhg53J1TAQAA
gNus2W0Dkw2gmWoEO4cPP1NTjeGAreDAMzh2BzL+4vitYScfw/d2/qa756hldBoAAADgKIz/bj/e
CkZBY+6j5jeFWxjHnoFjYTgZDnh6kDUeM8aDR1Uz+u9GJwYAAAAijc3gGF/BsRs7hsfMmRixc8yC
0+5pHzM4Jhai7A5s5+vhhZrx9+cFjwXLVEbnmLgSAAAAsMrGf4+fDhrjMzdqqhFMHFu78WKiD8zM
5ti7GKwtHGjTVN/3k99XVfX9qMj0fb9z3O6Aa96gp97rx+vM6Nx9Vb9zfgAAAGC1Te2rMf27/+Ll
Kc1ov47hXha7Eyia8eIx0Q5G7y+wMHDs7+/SVO1EjvFwsejRDgfaNtVXW33fb4eN2ukafb/7ms4B
AAAAK6nZWcqxu1pj9+um3f79v120P2fNrv4YnfMW7CtwjM/mmLhg31c/FTlG+20Mv27baquv6tvh
yarpmuqbfnTOvnbCRt+PQgcAAACwusZvKDKzkqNttyNH21bbbn8/nPjQtIvjxrzlKfsNHzcMHHOX
qYzHh6apZiduTEaOtpp2eoOPnff6vvp2e/bGMGQM40bX95PnBwAAAFbW+IqN6WUp7TB0jD22Q0c7
s2fH+N4dOye+qeUpVTexRGUmduw898P9OMYG1DZNVdtOHNs0TfVtW23XzSxDGcaNdix6AAAAAKtv
OGNj4g6qzfSsjbHQMWevztHSlelz38Q4bnoPjmExGWaI4cXatq2u67afq7Zjxc7xfdNUO5yhMZy9
MWT2BgAAAMQazcJot1d0VM3O7BjFjgXP4xuP7ue2sfPsGTim99+YuxfHjvHIsXuHlWHU6Kod22Nj
lDLGZ28AAAAAkWZnZgxDx9iSlPElLO3814cWfb3Ige6icqPQMYwbw8funVGa2bhR28tTLE0BAACA
cOOhYvT9+J1Wbnzn1d3THOxuKge6i8pwdsbMcbW9F0c/ttxkInRMHT/+HgAAABBu+u4o816biSBz
7qZygODRVM10BwAAAIAo7d6HAAAAAKw2gQMAAACIJ3AAAAAA8QQOAAAAIJ7AAQAAAMQTOAAAAIB4
AgcAAAAQT+AAAAAA4gkcAAAAQDyBAwAAAIgncAAAAADxBA4AAAAgnsABAAAAxBM4AAAAgHgCBwAA
ABBP4AAAAADiCRwAAABAPIEDAAAAiCdwAAAAAPEEDgAAACCewAEAAADEEzgAAACAeAIHAAAAEE/g
AAAAAOIJHAAAAEA8gQMAAACIJ3AAAAAA8QQOAAAAIJ7AAQAAAMQTOAAAAIB4AgcAAAAQT+AAAAAA
4gkcAAAAQDyBAwAAAIgncAAAAADxBA4AAAAgnsABAAAAxBM4AAAAgHgCBwAAABBP4AAAAADiCRwA
AABAPIEDAAAAiCdwAAAAAPEEDjiBBoNBnTt3rt7znvfU6dOnj3o4AAAAt6ypqv6oBwHcPo8//nhd
vHix3vzmN1dV1auvvlof+9jH6oUXXjjikQEAABycwAEnxAMPPFAf+MAH6uGHH5557xvf+EZ99KMf
PYJRAQAczD333FPvf//768KFC0c9lJHnn3++PvGJT9R3v/vdox4KnEhrRz0A4HDdeeed9fTTT9d7
3/veappm7jEPPfTQbR4VcFydOnWqzp8/X4899ljde++9dfbs2dHjjTfeGD0uX75cn//85+tLX/pS
bWxsHPWwgTD33HNPffjDH66zZ88e9VAmXLhwoR599NH6yEc+InLAERA44Jhq27aefPLJeuqpp+rM
mTM3PHYwGNymUQHH1SOPPFLve9/76vz587W+vj73mGHoqNoOq4899lhdv369vvCFL9SnP/3p+vrX
v347hwwEe+aZZ1YubgydPXu2nnnmmfr4xz9+1EOBE0fggGPo7W9/e33wgx+s++6776iHAhxzDz74
YD399NN17ty5A31+fX29nnjiiXriiSfqy1/+cj377LP14osvLnmUwHFz/vz5ox7CDa36+OC4Ejjg
GLn77rvr4sWL9e53v/uohwIcc/fff3899dRTdeHChYXL327Wu971rjp37lw999xz9clPfrIuXbq0
lPPC/2/v/kKrrv84jr/PpuwsFIKjMcsFMRjKjCwIiQSD/keBi1YU1UUQ2EUReDPoz/kFQd3sJsKR
dSVETEJBFPonkeRFWDFrqxixEGWotYYmnROrs65+/ZDWT8ntfL6fncfjdm6f543gXn7O9wspdHd3
x/Hjx1NnQEsxcMASsHz58rjzzjvjrrvu+ser4QALpVwux2OPPRY9PT0L/rNLpVJs2rQpVqxYETt3
7ox6vb7gZwA0w4U+IgwsPAMHZO7666+PgYGBqFQqqVOAFlCpVOKZZ55Z9I/A9fX1xeDgYLz++uvx
008/LepZAMDS0JY6APh3urq6Yvv27bFt2zbjBtAU5XI5nn322aY932fNmjXx9NNPR7lcbsp5AEDe
DByQmc7OznjwwQejWq1Gb29v6hygRZRKpdi2bVtcccUVTT23q6srnnzyyQV7zgcAsHT5iApkoq2t
LTZv3hz9/f2FfS0asHQNDAzE+vXrk5y9YcOG6O/vjz179iQ5HwDIg4EDMtDb2xsPP/xwXHnllalT
gBbU09MTt956a9KGO+64I8bGxmJiYiJpBwBQXD6iAgW2evXqeOqpp2L79u3GDSCZrVu3pk6IUqkU
9913X+oMAKDA3OCAAiqXy3HPPffEbbfdFu3t7alzgBbW29tbmOf9/LfFLQ4AYD4GDiiQUqkUN998
c/T398eKFStS5wDEli1bUiecZ8uWLQYOAGBeBg4oiJ6ennjkkUdi7dq1qVMAIiKivb09NmzYkDrj
PH19fdHe3h5//PFH6hQAoGAMHJBYpVKJBx54IG644YbUKQDnWbduXZTL5dQZ5+ns7Ix169bF+Ph4
6hQAoGAMHJBIR0dH3H333XH77bfHsmX+KgLFs3HjxtQJ89q4caOBAwD4G79VQZOVSqW46aab4v77
74+VK1emzgH4R93d3akT5lXULgAgLQMHNFFbW1s88cQTceONN6ZOAbigzs7O1AnzKmoXAJBWW+oA
aCXXXnutcQPIxmWXXZY6YV5F7QIA0jJwQBOtWrUqdQLARSvqkFDULgAgLQMHNNH333+fOgHgov36
66+pE+ZV1C4AIC0DBzTRsWPH4u23345Go5E6BeCCzp49mzphXkXtAgDSMnBAkx06dCiq1WpMTEyk
TgH4v86cOZM6YV7T09OpEwCAAjJwQAKnT5+OoaGhGB4e9g91oLBOnDiROmFeJ0+eTJ0AABSQgQMS
Gh0djWq1Gvv27YvZ2dnUOQDnGRsbS50wr9HR0dQJAEABGTggsdnZ2Thw4EC8+OKL8eWXX6bOAfjL
5ORk1Gq11BnnqdVqMTk5mToDACggAwcUxM8//xxvvPFGDA0NuX4NFMLvv/9euOcFjY+Pp04AAArK
wAEFMzExES+99FLs3r076vV66hygxX300UepE87zySefpE4AAArKwAEF1Gg04uDBg/H888/H4cOH
Y25uLnUS0KImJiYKc2tifHy8cDdKAIDiMHBAgf3yyy+xa9eueOWVVwr7NgNg6Xv33XdTJ0Sj0ShE
BwBQXAYOyMCxY8fi5Zdfjl27dsW5c+dS5wAtZmpqKt5///2kDR9++GFMTU0lbQAAis3AAZmYm5uL
w4cPx3PPPRcHDx6MRqOROgloIXv37o2vv/46ydljY2Oxd+/eJGcDAPkwcEBm6vV67N69O6rVqs+i
A00zNzcXb731VtPf8nTy5Ml48803PYsIALggAwdk6vTp0zE0NBTDw8MxPT2dOgdoAfV6PXbs2BG1
Wq0p59VqtdixY4c3SgEAF8XAAZkbHR2NarUa+/bti9nZ2dQ5wBJ36tSpGBwcjG+//XZRz/nqq69i
cHAwTp06tajnAABLh4EDloDZ2dk4cOBAvPDCC/HFF1+kzgGWuHq9Hq+99tqiPXj0gw8+cHMDyF6z
brsB/7MsdQCwcGZmZmLnzp3R09MTjz/+eHR1daVOApaoRqMRe/bsidHR0bj33nujr6/vkn/m+Ph4
7N+/PyYnJxegECCt48ePp06AltMeEf9JHQEsrJmZmTh06FCcO3cuenp6Yvny5Rf8nv379zehDFhq
ZmZm4rPPPotvvvkmSqVSXH755dHR0XHR33/27Nn4/PPP45133on33nsvZmZmFrEWWCquvvrqQv9H
ztGjR+PIkSOpM6DluMEBS1Sj0YiPP/44jhw5Elu3bo3NmzdHqVT6xz8LcCkmJyf/unlx1VVXxfr1
62PNmjWxatWqWL16dVQqlZieno4ff/wxpqenY2pqKr777rs4ceJE4nIgRyMjI9Hb2xudnZ2pU/6m
VqvFyMhI6gxoSaWI8N41aAFr166NRx99NK655pq/fe2HH36IV199NUEVAMC/U6lU4qGHHorrrrsu
dcpfjh49GiMjI95wB4kYOKDFbNq0KQYGBmLlypUREfHbb7/F8PDwor8RAQBgsXR3dye9zVGr1Txz
AwrAwAEtqKOjI2655ZZYtmxZfPrpp3HmzJnUSQAAAJfEwAEAAABkry11AAAAAMClMnAAAAAA2TNw
AAAAANkzcAAAAADZM3AAAAAA2TNwAAAAANkzcAAAAADZM3AAAAAA2TNwAAAAANkzcAAAAADZM3AA
AAAA2TNwAAAAANkzcAAAAADZM3AAAAAA2TNwAAAAANkzcAAAAADZM3AAAAAA2TNwAAAAANkzcAAA
AADZM3AAAAAA2TNwAAAAANkzcAAAAADZM3AAAAAA2TNwAAAAANkzcAAAAADZM3AAAAAA2TNwAAAA
ANkzcAAAAADZM3AAAAAA2TNwAAAAANkzcAAAAADZM3AAAAAA2TNwAAAAANkzcAAAAADZM3AAAAAA
2TNwAAAAANkzcAAAAADZM3AAAAAA2TNwAAAAANkzcAAAAADZM3AAAAAA2TNwAAAAANn7E9uiZ6zv
X/FoAAAAAElFTkSuQmCC
" width="800px"&gt;</msg>
<status status="PASS" starttime="20231212 23:43:33.681" endtime="20231212 23:43:36.221"/>
</kw>
<msg timestamp="20231212 23:43:36.221" level="INFO">xpath criteria: //android.widget.TextView[@resource-id='eq2']</msg>
<msg timestamp="20231212 23:43:36.223" level="FAIL">Page should not have contained element '//android.widget.TextView[@resource-id='eq2']'</msg>
<status status="FAIL" starttime="20231212 23:43:32.638" endtime="20231212 23:43:36.224"/>
</kw>
<status status="FAIL" starttime="20231212 23:42:34.701" endtime="20231212 23:43:36.227">Page should not have contained element '//android.widget.TextView[@resource-id='eq2']'</status>
</test>
<status status="FAIL" starttime="20231212 23:42:34.268" endtime="20231212 23:43:36.231"/>
</suite>
<status status="FAIL" starttime="20231212 23:42:34.262" endtime="20231212 23:43:36.235"/>
</suite>
<status status="FAIL" starttime="20231212 23:42:34.208" endtime="20231212 23:43:36.254"/>
</suite>
<statistics>
<total>
<stat pass="0" fail="1" skip="0">All Tests</stat>
</total>
<tag>
</tag>
<suite>
<stat pass="0" fail="1" skip="0" id="s1" name="Appium Calculator TWI">Appium Calculator TWI</stat>
<stat pass="0" fail="1" skip="0" id="s1-s1" name="Tests">Appium Calculator TWI.Tests</stat>
<stat pass="0" fail="1" skip="0" id="s1-s1-s1" name="Calculator">Appium Calculator TWI.Tests.Calculator</stat>
</suite>
</statistics>
<errors>
</errors>
</robot>
